{"level":"info","message":"Server running on port 3000","timestamp":"2023-12-01T04:07:25.078Z"}
{"level":"info","message":"Server running on port 3000","timestamp":"2023-12-01T04:14:07.822Z"}
{"level":"info","message":"Server running on port 3000","timestamp":"2023-12-01T04:25:16.400Z"}
{"level":"warn","message":"404 - Not Found: /not_a_page.html","timestamp":"2023-12-01T04:25:48.196Z"}
{"level":"info","message":"GET /not_a_page.html 404 2.111ms\n","timestamp":"2023-12-01T04:25:48.198Z"}
{"level":"warn","message":"404 - Not Found: /favicon.ico","timestamp":"2023-12-01T04:25:48.219Z"}
{"level":"info","message":"GET /favicon.ico 404 0.664ms\n","timestamp":"2023-12-01T04:25:48.220Z"}
{"level":"info","message":"Server running on port 3000","timestamp":"2023-12-01T04:32:55.413Z"}
{"level":"info","message":"Server running on port 3000","timestamp":"2023-12-01T04:53:20.143Z"}
{"level":"info","message":"Server running on port 3000","timestamp":"2023-12-01T05:15:02.325Z"}
{"level":"info","message":"Server running on port 3000","timestamp":"2023-12-01T05:16:08.249Z"}
{"level":"info","message":"GET /about.html 304 2.080ms\n","timestamp":"2023-12-01T05:16:11.417Z"}
{"level":"info","message":"GET /style.css 304 0.493ms\n","timestamp":"2023-12-01T05:16:11.431Z"}
{"level":"info","message":"GET /about.html 304 0.516ms\n","timestamp":"2023-12-01T05:16:15.940Z"}
{"level":"info","message":"GET /style.css 304 0.322ms\n","timestamp":"2023-12-01T05:16:15.954Z"}
{"level":"info","message":"GET /about.html 304 0.393ms\n","timestamp":"2023-12-01T05:16:18.169Z"}
{"level":"info","message":"GET /style.css 304 0.309ms\n","timestamp":"2023-12-01T05:16:18.183Z"}
{"level":"info","message":"Server running on port 3000","timestamp":"2023-12-02T16:08:54.500Z"}
{"level":"info","message":"GET /index.html 200 3.554ms\n","timestamp":"2023-12-02T16:09:06.248Z"}
{"level":"info","message":"GET /style.css 200 0.767ms\n","timestamp":"2023-12-02T16:09:06.284Z"}
{"level":"info","message":"GET /history.js 304 0.403ms\n","timestamp":"2023-12-02T16:09:06.290Z"}
{"level":"info","message":"GET /theme.js 200 2.738ms\n","timestamp":"2023-12-02T16:09:06.290Z"}
{"level":"info","message":"GET /calculator.js 200 2.833ms\n","timestamp":"2023-12-02T16:09:06.291Z"}
{"level":"info","message":"GET /favicon.png 200 0.899ms\n","timestamp":"2023-12-02T16:09:06.315Z"}
{"level":"info","message":"GET /about.html 200 0.584ms\n","timestamp":"2023-12-02T16:09:08.385Z"}
{"level":"info","message":"GET /style.css 304 0.342ms\n","timestamp":"2023-12-02T16:09:08.397Z"}
{"level":"info","message":"GET /theme.js 304 0.504ms\n","timestamp":"2023-12-02T16:09:08.399Z"}
{"level":"info","message":"GET /index.html 304 0.993ms\n","timestamp":"2023-12-02T16:09:20.304Z"}
{"level":"info","message":"GET /style.css 304 1.353ms\n","timestamp":"2023-12-02T16:09:20.320Z"}
{"level":"info","message":"GET /theme.js 304 1.496ms\n","timestamp":"2023-12-02T16:09:20.321Z"}
{"level":"info","message":"GET /calculator.js 304 1.787ms\n","timestamp":"2023-12-02T16:09:20.321Z"}
{"level":"info","message":"GET /history.js 304 2.017ms\n","timestamp":"2023-12-02T16:09:20.322Z"}
{"level":"info","message":"GET /about.html 304 0.474ms\n","timestamp":"2023-12-02T16:09:24.091Z"}
{"level":"info","message":"GET /style.css 304 0.711ms\n","timestamp":"2023-12-02T16:09:24.114Z"}
{"level":"info","message":"GET /theme.js 304 1.204ms\n","timestamp":"2023-12-02T16:09:24.115Z"}
{"level":"info","message":"GET /index.html 304 0.371ms\n","timestamp":"2023-12-02T16:09:25.530Z"}
{"level":"info","message":"GET /style.css 304 1.447ms\n","timestamp":"2023-12-02T16:09:25.545Z"}
{"level":"info","message":"GET /calculator.js 304 1.475ms\n","timestamp":"2023-12-02T16:09:25.545Z"}
{"level":"info","message":"GET /theme.js 304 1.689ms\n","timestamp":"2023-12-02T16:09:25.545Z"}
{"level":"info","message":"GET /history.js 304 1.923ms\n","timestamp":"2023-12-02T16:09:25.546Z"}
{"level":"info","message":"GET /about.html 304 0.345ms\n","timestamp":"2023-12-02T16:09:26.341Z"}
{"level":"info","message":"GET /style.css 304 0.323ms\n","timestamp":"2023-12-02T16:09:26.351Z"}
{"level":"info","message":"GET /theme.js 304 0.236ms\n","timestamp":"2023-12-02T16:09:26.352Z"}
{"level":"info","message":"GET /index.html 304 0.235ms\n","timestamp":"2023-12-02T16:09:30.767Z"}
{"level":"info","message":"GET /style.css 304 0.896ms\n","timestamp":"2023-12-02T16:09:30.780Z"}
{"level":"info","message":"GET /calculator.js 304 1.057ms\n","timestamp":"2023-12-02T16:09:30.781Z"}
{"level":"info","message":"GET /history.js 304 1.420ms\n","timestamp":"2023-12-02T16:09:30.781Z"}
{"level":"info","message":"GET /theme.js 304 1.767ms\n","timestamp":"2023-12-02T16:09:30.782Z"}
{"level":"info","message":"GET /about.html 304 0.427ms\n","timestamp":"2023-12-02T16:09:33.221Z"}
{"level":"info","message":"GET /style.css 304 0.520ms\n","timestamp":"2023-12-02T16:09:33.238Z"}
{"level":"info","message":"GET /theme.js 304 0.851ms\n","timestamp":"2023-12-02T16:09:33.238Z"}
{"level":"info","message":"GET /index.html 304 0.309ms\n","timestamp":"2023-12-02T16:09:35.720Z"}
{"level":"info","message":"GET /style.css 304 0.284ms\n","timestamp":"2023-12-02T16:09:35.731Z"}
{"level":"info","message":"GET /calculator.js 304 0.593ms\n","timestamp":"2023-12-02T16:09:35.733Z"}
{"level":"info","message":"GET /history.js 304 0.794ms\n","timestamp":"2023-12-02T16:09:35.733Z"}
{"level":"info","message":"GET /theme.js 304 1.060ms\n","timestamp":"2023-12-02T16:09:35.734Z"}
{"level":"info","message":"GET /index.html 200 0.606ms\n","timestamp":"2023-12-02T16:09:45.787Z"}
{"level":"info","message":"GET /style.css 200 2.014ms\n","timestamp":"2023-12-02T16:09:45.795Z"}
{"level":"info","message":"GET /history.js 200 1.894ms\n","timestamp":"2023-12-02T16:09:45.796Z"}
{"level":"info","message":"GET /calculator.js 200 2.154ms\n","timestamp":"2023-12-02T16:09:45.797Z"}
{"level":"info","message":"GET /theme.js 200 2.361ms\n","timestamp":"2023-12-02T16:09:45.798Z"}
{"level":"info","message":"GET /favicon.png 200 0.483ms\n","timestamp":"2023-12-02T16:09:45.802Z"}
{"level":"info","message":"GET /index.html 200 0.618ms\n","timestamp":"2023-12-02T16:09:48.570Z"}
{"level":"info","message":"GET /style.css 200 1.368ms\n","timestamp":"2023-12-02T16:09:48.578Z"}
{"level":"info","message":"GET /calculator.js 200 2.460ms\n","timestamp":"2023-12-02T16:09:48.580Z"}
{"level":"info","message":"GET /history.js 200 3.209ms\n","timestamp":"2023-12-02T16:09:48.581Z"}
{"level":"info","message":"GET /theme.js 200 4.064ms\n","timestamp":"2023-12-02T16:09:48.582Z"}
{"level":"info","message":"GET /favicon.png 200 0.785ms\n","timestamp":"2023-12-02T16:09:48.591Z"}
{"level":"info","message":"GET /index.html 304 0.456ms\n","timestamp":"2023-12-02T16:09:51.436Z"}
{"level":"info","message":"GET /style.css 304 0.357ms\n","timestamp":"2023-12-02T16:09:51.444Z"}
{"level":"info","message":"GET /calculator.js 304 0.346ms\n","timestamp":"2023-12-02T16:09:51.445Z"}
{"level":"info","message":"GET /history.js 304 0.827ms\n","timestamp":"2023-12-02T16:09:51.446Z"}
{"level":"info","message":"GET /theme.js 304 0.694ms\n","timestamp":"2023-12-02T16:09:51.447Z"}
{"level":"info","message":"GET /favicon.png 304 0.254ms\n","timestamp":"2023-12-02T16:09:51.453Z"}
{"level":"info","message":"GET /index.html 200 0.570ms\n","timestamp":"2023-12-02T16:57:34.427Z"}
{"level":"info","message":"GET /style.css 200 0.506ms\n","timestamp":"2023-12-02T16:57:34.470Z"}
{"level":"info","message":"GET /theme.js 200 1.174ms\n","timestamp":"2023-12-02T16:57:34.474Z"}
{"level":"info","message":"GET /calculator.js 200 1.444ms\n","timestamp":"2023-12-02T16:57:34.474Z"}
{"level":"info","message":"GET /history.js 200 1.656ms\n","timestamp":"2023-12-02T16:57:34.475Z"}
{"level":"info","message":"GET /favicon.png 200 0.460ms\n","timestamp":"2023-12-02T16:57:34.493Z"}
{"level":"info","message":"GET /index.html 200 0.637ms\n","timestamp":"2023-12-02T17:03:51.300Z"}
{"level":"info","message":"GET /style.css 200 0.695ms\n","timestamp":"2023-12-02T17:03:51.307Z"}
{"level":"info","message":"GET /calculator.js 200 0.864ms\n","timestamp":"2023-12-02T17:03:51.309Z"}
{"level":"info","message":"GET /history.js 200 1.133ms\n","timestamp":"2023-12-02T17:03:51.310Z"}
{"level":"info","message":"GET /theme.js 200 1.420ms\n","timestamp":"2023-12-02T17:03:51.310Z"}
{"level":"info","message":"GET /favicon.png 200 0.405ms\n","timestamp":"2023-12-02T17:03:51.315Z"}
{"level":"info","message":"GET /index.html 200 0.554ms\n","timestamp":"2023-12-02T17:03:59.812Z"}
{"level":"info","message":"GET /style.css 200 0.818ms\n","timestamp":"2023-12-02T17:03:59.819Z"}
{"level":"info","message":"GET /history.js 200 0.654ms\n","timestamp":"2023-12-02T17:03:59.821Z"}
{"level":"info","message":"GET /calculator.js 200 1.429ms\n","timestamp":"2023-12-02T17:03:59.821Z"}
{"level":"info","message":"GET /theme.js 200 1.397ms\n","timestamp":"2023-12-02T17:03:59.822Z"}
{"level":"info","message":"GET /favicon.png 200 0.374ms\n","timestamp":"2023-12-02T17:03:59.827Z"}
{"level":"info","message":"GET /index.html 304 0.278ms\n","timestamp":"2023-12-02T17:05:15.679Z"}
{"level":"info","message":"GET /style.css 304 0.371ms\n","timestamp":"2023-12-02T17:05:15.687Z"}
{"level":"info","message":"GET /calculator.js 304 0.587ms\n","timestamp":"2023-12-02T17:05:15.688Z"}
{"level":"info","message":"GET /theme.js 304 0.682ms\n","timestamp":"2023-12-02T17:05:15.688Z"}
{"level":"info","message":"GET /history.js 304 0.873ms\n","timestamp":"2023-12-02T17:05:15.689Z"}
{"level":"info","message":"GET /index.html 200 0.543ms\n","timestamp":"2023-12-02T17:07:15.236Z"}
{"level":"info","message":"GET /style.css 200 0.537ms\n","timestamp":"2023-12-02T17:07:15.244Z"}
{"level":"info","message":"GET /calculator.js 200 0.693ms\n","timestamp":"2023-12-02T17:07:15.245Z"}
{"level":"info","message":"GET /history.js 200 0.864ms\n","timestamp":"2023-12-02T17:07:15.245Z"}
{"level":"info","message":"GET /theme.js 200 1.012ms\n","timestamp":"2023-12-02T17:07:15.246Z"}
{"level":"info","message":"GET /favicon.png 200 0.391ms\n","timestamp":"2023-12-02T17:07:15.250Z"}
{"level":"info","message":"GET /index.html 200 0.470ms\n","timestamp":"2023-12-02T17:07:18.403Z"}
{"level":"info","message":"GET /style.css 200 1.300ms\n","timestamp":"2023-12-02T17:07:18.411Z"}
{"level":"info","message":"GET /calculator.js 200 1.627ms\n","timestamp":"2023-12-02T17:07:18.411Z"}
{"level":"info","message":"GET /history.js 200 1.912ms\n","timestamp":"2023-12-02T17:07:18.412Z"}
{"level":"info","message":"GET /theme.js 200 1.893ms\n","timestamp":"2023-12-02T17:07:18.412Z"}
{"level":"info","message":"GET /favicon.png 200 0.450ms\n","timestamp":"2023-12-02T17:07:18.416Z"}
{"level":"info","message":"GET /about.html 200 0.511ms\n","timestamp":"2023-12-02T17:07:24.024Z"}
{"level":"info","message":"GET /style.css 304 0.385ms\n","timestamp":"2023-12-02T17:07:24.036Z"}
{"level":"info","message":"GET /theme.js 304 0.589ms\n","timestamp":"2023-12-02T17:07:24.037Z"}
{"level":"info","message":"GET /index.html 304 0.321ms\n","timestamp":"2023-12-02T17:07:30.129Z"}
{"level":"info","message":"GET /style.css 304 0.741ms\n","timestamp":"2023-12-02T17:07:30.143Z"}
{"level":"info","message":"GET /calculator.js 304 0.973ms\n","timestamp":"2023-12-02T17:07:30.143Z"}
{"level":"info","message":"GET /history.js 304 1.143ms\n","timestamp":"2023-12-02T17:07:30.143Z"}
{"level":"info","message":"GET /theme.js 304 1.341ms\n","timestamp":"2023-12-02T17:07:30.144Z"}
{"level":"info","message":"GET /about.html 304 0.253ms\n","timestamp":"2023-12-02T17:07:33.755Z"}
{"level":"info","message":"GET /style.css 304 0.299ms\n","timestamp":"2023-12-02T17:07:33.765Z"}
{"level":"info","message":"GET /theme.js 304 0.212ms\n","timestamp":"2023-12-02T17:07:33.766Z"}
{"level":"info","message":"GET /index.html 304 0.281ms\n","timestamp":"2023-12-02T17:08:32.522Z"}
{"level":"info","message":"GET /style.css 304 0.307ms\n","timestamp":"2023-12-02T17:08:32.533Z"}
{"level":"info","message":"GET /calculator.js 304 0.550ms\n","timestamp":"2023-12-02T17:08:32.535Z"}
{"level":"info","message":"GET /history.js 304 0.720ms\n","timestamp":"2023-12-02T17:08:32.535Z"}
{"level":"info","message":"GET /theme.js 304 0.891ms\n","timestamp":"2023-12-02T17:08:32.536Z"}
{"level":"info","message":"GET /index.html 200 0.526ms\n","timestamp":"2023-12-02T17:08:40.980Z"}
{"level":"info","message":"GET /style.css 200 0.661ms\n","timestamp":"2023-12-02T17:08:40.988Z"}
{"level":"info","message":"GET /calculator.js 200 0.870ms\n","timestamp":"2023-12-02T17:08:40.990Z"}
{"level":"info","message":"GET /history.js 200 0.929ms\n","timestamp":"2023-12-02T17:08:40.990Z"}
{"level":"info","message":"GET /theme.js 200 1.066ms\n","timestamp":"2023-12-02T17:08:40.990Z"}
{"level":"info","message":"GET /favicon.png 200 0.495ms\n","timestamp":"2023-12-02T17:08:40.995Z"}
{"level":"info","message":"GET /index.html 200 0.549ms\n","timestamp":"2023-12-02T17:09:31.556Z"}
{"level":"info","message":"GET /style.css 200 0.806ms\n","timestamp":"2023-12-02T17:09:31.564Z"}
{"level":"info","message":"GET /theme.js 200 0.839ms\n","timestamp":"2023-12-02T17:09:31.565Z"}
{"level":"info","message":"GET /calculator.js 200 1.027ms\n","timestamp":"2023-12-02T17:09:31.566Z"}
{"level":"info","message":"GET /history.js 200 1.176ms\n","timestamp":"2023-12-02T17:09:31.566Z"}
{"level":"info","message":"GET /favicon.png 200 0.441ms\n","timestamp":"2023-12-02T17:09:31.570Z"}
{"level":"info","message":"GET /index.html 200 0.510ms\n","timestamp":"2023-12-02T17:11:16.435Z"}
{"level":"info","message":"GET /style.css 200 0.515ms\n","timestamp":"2023-12-02T17:11:16.443Z"}
{"level":"info","message":"GET /history.js 200 0.741ms\n","timestamp":"2023-12-02T17:11:16.445Z"}
{"level":"info","message":"GET /calculator.js 200 1.334ms\n","timestamp":"2023-12-02T17:11:16.445Z"}
{"level":"info","message":"GET /theme.js 200 1.346ms\n","timestamp":"2023-12-02T17:11:16.446Z"}
{"level":"info","message":"GET /favicon.png 200 0.440ms\n","timestamp":"2023-12-02T17:11:16.450Z"}
{"level":"info","message":"GET /index.html 200 0.545ms\n","timestamp":"2023-12-02T17:12:30.802Z"}
{"level":"info","message":"GET /style.css 200 0.540ms\n","timestamp":"2023-12-02T17:12:30.810Z"}
{"level":"info","message":"GET /calculator.js 200 0.689ms\n","timestamp":"2023-12-02T17:12:30.812Z"}
{"level":"info","message":"GET /history.js 200 0.980ms\n","timestamp":"2023-12-02T17:12:30.812Z"}
{"level":"info","message":"GET /theme.js 200 1.240ms\n","timestamp":"2023-12-02T17:12:30.813Z"}
{"level":"info","message":"GET /favicon.png 200 0.495ms\n","timestamp":"2023-12-02T17:12:30.817Z"}
{"level":"info","message":"GET /index.html 200 0.521ms\n","timestamp":"2023-12-02T17:12:31.986Z"}
{"level":"info","message":"GET /style.css 200 1.975ms\n","timestamp":"2023-12-02T17:12:31.995Z"}
{"level":"info","message":"GET /history.js 200 1.822ms\n","timestamp":"2023-12-02T17:12:31.996Z"}
{"level":"info","message":"GET /calculator.js 200 2.379ms\n","timestamp":"2023-12-02T17:12:31.996Z"}
{"level":"info","message":"GET /theme.js 200 1.785ms\n","timestamp":"2023-12-02T17:12:31.996Z"}
{"level":"info","message":"GET /favicon.png 200 0.317ms\n","timestamp":"2023-12-02T17:12:32.001Z"}
{"level":"info","message":"GET /index.html 200 0.519ms\n","timestamp":"2023-12-02T17:12:43.346Z"}
{"level":"info","message":"GET /style.css 200 0.652ms\n","timestamp":"2023-12-02T17:12:43.354Z"}
{"level":"info","message":"GET /history.js 200 0.890ms\n","timestamp":"2023-12-02T17:12:43.356Z"}
{"level":"info","message":"GET /calculator.js 200 1.004ms\n","timestamp":"2023-12-02T17:12:43.356Z"}
{"level":"info","message":"GET /theme.js 200 1.084ms\n","timestamp":"2023-12-02T17:12:43.357Z"}
{"level":"info","message":"GET /favicon.png 200 0.632ms\n","timestamp":"2023-12-02T17:12:43.361Z"}
{"level":"info","message":"GET /index.html 200 0.522ms\n","timestamp":"2023-12-02T17:13:06.626Z"}
{"level":"info","message":"GET /style.css 200 0.632ms\n","timestamp":"2023-12-02T17:13:06.633Z"}
{"level":"info","message":"GET /calculator.js 200 0.763ms\n","timestamp":"2023-12-02T17:13:06.634Z"}
{"level":"info","message":"GET /history.js 200 0.955ms\n","timestamp":"2023-12-02T17:13:06.635Z"}
{"level":"info","message":"GET /theme.js 200 1.063ms\n","timestamp":"2023-12-02T17:13:06.635Z"}
{"level":"info","message":"GET /favicon.png 200 0.439ms\n","timestamp":"2023-12-02T17:13:06.640Z"}
{"level":"info","message":"GET /index.html 200 0.518ms\n","timestamp":"2023-12-02T17:13:26.498Z"}
{"level":"info","message":"GET /style.css 200 0.643ms\n","timestamp":"2023-12-02T17:13:26.505Z"}
{"level":"info","message":"GET /calculator.js 200 0.892ms\n","timestamp":"2023-12-02T17:13:26.507Z"}
{"level":"info","message":"GET /history.js 200 0.944ms\n","timestamp":"2023-12-02T17:13:26.507Z"}
{"level":"info","message":"GET /theme.js 200 1.042ms\n","timestamp":"2023-12-02T17:13:26.508Z"}
{"level":"info","message":"GET /favicon.png 200 0.466ms\n","timestamp":"2023-12-02T17:13:26.513Z"}
{"level":"info","message":"GET /index.html 200 0.588ms\n","timestamp":"2023-12-02T17:13:30.147Z"}
{"level":"info","message":"GET /style.css 200 1.312ms\n","timestamp":"2023-12-02T17:13:30.155Z"}
{"level":"info","message":"GET /calculator.js 200 1.358ms\n","timestamp":"2023-12-02T17:13:30.155Z"}
{"level":"info","message":"GET /history.js 200 1.580ms\n","timestamp":"2023-12-02T17:13:30.155Z"}
{"level":"info","message":"GET /theme.js 200 1.716ms\n","timestamp":"2023-12-02T17:13:30.156Z"}
{"level":"info","message":"GET /favicon.png 200 0.330ms\n","timestamp":"2023-12-02T17:13:30.160Z"}
{"level":"info","message":"GET /index.html 200 0.630ms\n","timestamp":"2023-12-02T17:13:33.939Z"}
{"level":"info","message":"GET /style.css 200 1.517ms\n","timestamp":"2023-12-02T17:13:33.948Z"}
{"level":"info","message":"GET /calculator.js 200 1.563ms\n","timestamp":"2023-12-02T17:13:33.948Z"}
{"level":"info","message":"GET /history.js 200 1.777ms\n","timestamp":"2023-12-02T17:13:33.949Z"}
{"level":"info","message":"GET /theme.js 200 1.865ms\n","timestamp":"2023-12-02T17:13:33.949Z"}
{"level":"info","message":"GET /favicon.png 200 0.340ms\n","timestamp":"2023-12-02T17:13:33.954Z"}
{"level":"info","message":"GET /index.html 304 0.295ms\n","timestamp":"2023-12-02T17:13:39.803Z"}
{"level":"info","message":"GET /style.css 304 0.440ms\n","timestamp":"2023-12-02T17:13:39.810Z"}
{"level":"info","message":"GET /calculator.js 304 0.611ms\n","timestamp":"2023-12-02T17:13:39.812Z"}
{"level":"info","message":"GET /history.js 304 1.017ms\n","timestamp":"2023-12-02T17:13:39.812Z"}
{"level":"info","message":"GET /theme.js 304 1.151ms\n","timestamp":"2023-12-02T17:13:39.813Z"}
{"level":"info","message":"GET /favicon.png 304 0.251ms\n","timestamp":"2023-12-02T17:13:39.817Z"}
{"level":"info","message":"GET /index.html 200 0.726ms\n","timestamp":"2023-12-02T17:13:49.171Z"}
{"level":"info","message":"GET /style.css 200 1.304ms\n","timestamp":"2023-12-02T17:13:49.180Z"}
{"level":"info","message":"GET /calculator.js 200 1.564ms\n","timestamp":"2023-12-02T17:13:49.180Z"}
{"level":"info","message":"GET /history.js 200 1.480ms\n","timestamp":"2023-12-02T17:13:49.181Z"}
{"level":"info","message":"GET /theme.js 200 1.396ms\n","timestamp":"2023-12-02T17:13:49.181Z"}
{"level":"info","message":"GET /favicon.png 200 0.617ms\n","timestamp":"2023-12-02T17:13:49.187Z"}
{"level":"info","message":"GET /index.html 200 0.579ms\n","timestamp":"2023-12-02T17:15:46.531Z"}
{"level":"info","message":"GET /style.css 200 0.509ms\n","timestamp":"2023-12-02T17:15:46.538Z"}
{"level":"info","message":"GET /calculator.js 200 0.763ms\n","timestamp":"2023-12-02T17:15:46.539Z"}
{"level":"info","message":"GET /history.js 200 0.851ms\n","timestamp":"2023-12-02T17:15:46.540Z"}
{"level":"info","message":"GET /theme.js 200 1.046ms\n","timestamp":"2023-12-02T17:15:46.540Z"}
{"level":"info","message":"GET /favicon.png 200 0.335ms\n","timestamp":"2023-12-02T17:15:46.544Z"}
{"level":"info","message":"GET /about.html 200 0.783ms\n","timestamp":"2023-12-02T17:15:53.687Z"}
{"level":"info","message":"GET /style.css 304 0.504ms\n","timestamp":"2023-12-02T17:15:53.706Z"}
{"level":"info","message":"GET /theme.js 304 0.772ms\n","timestamp":"2023-12-02T17:15:53.706Z"}
{"level":"info","message":"GET /index.html 304 0.346ms\n","timestamp":"2023-12-02T17:16:00.816Z"}
{"level":"info","message":"GET /style.css 304 0.379ms\n","timestamp":"2023-12-02T17:16:00.828Z"}
{"level":"info","message":"GET /calculator.js 304 0.706ms\n","timestamp":"2023-12-02T17:16:00.829Z"}
{"level":"info","message":"GET /history.js 304 0.797ms\n","timestamp":"2023-12-02T17:16:00.830Z"}
{"level":"info","message":"GET /theme.js 304 1.050ms\n","timestamp":"2023-12-02T17:16:00.830Z"}
{"level":"info","message":"GET /index.html 200 0.548ms\n","timestamp":"2023-12-02T17:16:22.899Z"}
{"level":"info","message":"GET /style.css 200 0.541ms\n","timestamp":"2023-12-02T17:16:22.905Z"}
{"level":"info","message":"GET /history.js 200 1.137ms\n","timestamp":"2023-12-02T17:16:22.908Z"}
{"level":"info","message":"GET /calculator.js 200 1.853ms\n","timestamp":"2023-12-02T17:16:22.909Z"}
{"level":"info","message":"GET /theme.js 200 2.059ms\n","timestamp":"2023-12-02T17:16:22.909Z"}
{"level":"info","message":"GET /favicon.png 200 0.386ms\n","timestamp":"2023-12-02T17:16:22.913Z"}
{"level":"info","message":"GET /index.html 200 0.492ms\n","timestamp":"2023-12-02T17:16:41.347Z"}
{"level":"info","message":"GET /style.css 200 0.596ms\n","timestamp":"2023-12-02T17:16:41.354Z"}
{"level":"info","message":"GET /calculator.js 200 1.133ms\n","timestamp":"2023-12-02T17:16:41.356Z"}
{"level":"info","message":"GET /history.js 200 1.551ms\n","timestamp":"2023-12-02T17:16:41.357Z"}
{"level":"info","message":"GET /theme.js 200 1.900ms\n","timestamp":"2023-12-02T17:16:41.357Z"}
{"level":"info","message":"GET /favicon.png 200 0.762ms\n","timestamp":"2023-12-02T17:16:41.365Z"}
{"level":"info","message":"GET /about.html 304 0.262ms\n","timestamp":"2023-12-02T17:16:44.121Z"}
{"level":"info","message":"GET /style.css 304 0.291ms\n","timestamp":"2023-12-02T17:16:44.133Z"}
{"level":"info","message":"GET /theme.js 304 0.196ms\n","timestamp":"2023-12-02T17:16:44.134Z"}
{"level":"info","message":"GET /index.html 304 0.295ms\n","timestamp":"2023-12-02T17:16:46.127Z"}
{"level":"info","message":"GET /style.css 304 0.257ms\n","timestamp":"2023-12-02T17:16:46.138Z"}
{"level":"info","message":"GET /calculator.js 304 0.469ms\n","timestamp":"2023-12-02T17:16:46.140Z"}
{"level":"info","message":"GET /history.js 304 0.620ms\n","timestamp":"2023-12-02T17:16:46.140Z"}
{"level":"info","message":"GET /theme.js 304 0.924ms\n","timestamp":"2023-12-02T17:16:46.141Z"}
{"level":"info","message":"GET /about.html 304 0.243ms\n","timestamp":"2023-12-02T17:16:47.213Z"}
{"level":"info","message":"GET /style.css 304 0.336ms\n","timestamp":"2023-12-02T17:16:47.225Z"}
{"level":"info","message":"GET /theme.js 304 0.206ms\n","timestamp":"2023-12-02T17:16:47.226Z"}
{"level":"info","message":"GET /index.html 304 0.228ms\n","timestamp":"2023-12-02T17:16:49.470Z"}
{"level":"info","message":"GET /style.css 304 0.241ms\n","timestamp":"2023-12-02T17:16:49.481Z"}
{"level":"info","message":"GET /calculator.js 304 0.846ms\n","timestamp":"2023-12-02T17:16:49.483Z"}
{"level":"info","message":"GET /history.js 304 1.082ms\n","timestamp":"2023-12-02T17:16:49.483Z"}
{"level":"info","message":"GET /theme.js 304 1.362ms\n","timestamp":"2023-12-02T17:16:49.484Z"}
{"level":"info","message":"GET /index.html 200 0.567ms\n","timestamp":"2023-12-02T17:17:23.315Z"}
{"level":"info","message":"GET /style.css 200 0.609ms\n","timestamp":"2023-12-02T17:17:23.322Z"}
{"level":"info","message":"GET /calculator.js 200 0.674ms\n","timestamp":"2023-12-02T17:17:23.323Z"}
{"level":"info","message":"GET /history.js 200 0.886ms\n","timestamp":"2023-12-02T17:17:23.323Z"}
{"level":"info","message":"GET /theme.js 200 0.959ms\n","timestamp":"2023-12-02T17:17:23.324Z"}
{"level":"info","message":"GET /favicon.png 200 0.411ms\n","timestamp":"2023-12-02T17:17:23.328Z"}
{"level":"info","message":"GET /about.html 304 0.275ms\n","timestamp":"2023-12-02T17:17:30.917Z"}
{"level":"info","message":"GET /style.css 304 0.518ms\n","timestamp":"2023-12-02T17:17:30.931Z"}
{"level":"info","message":"GET /theme.js 304 1.174ms\n","timestamp":"2023-12-02T17:17:30.932Z"}
{"level":"info","message":"GET /index.html 304 0.248ms\n","timestamp":"2023-12-02T17:17:34.778Z"}
{"level":"info","message":"GET /style.css 304 0.307ms\n","timestamp":"2023-12-02T17:17:34.790Z"}
{"level":"info","message":"GET /calculator.js 304 0.540ms\n","timestamp":"2023-12-02T17:17:34.792Z"}
{"level":"info","message":"GET /history.js 304 0.746ms\n","timestamp":"2023-12-02T17:17:34.793Z"}
{"level":"info","message":"GET /theme.js 304 0.975ms\n","timestamp":"2023-12-02T17:17:34.793Z"}
{"level":"info","message":"GET /about.html 304 0.380ms\n","timestamp":"2023-12-02T17:17:37.363Z"}
{"level":"info","message":"GET /style.css 304 0.572ms\n","timestamp":"2023-12-02T17:17:37.382Z"}
{"level":"info","message":"GET /theme.js 304 0.915ms\n","timestamp":"2023-12-02T17:17:37.383Z"}
{"level":"info","message":"GET /index.html 304 0.222ms\n","timestamp":"2023-12-02T17:17:40.439Z"}
{"level":"info","message":"GET /style.css 304 0.294ms\n","timestamp":"2023-12-02T17:17:40.450Z"}
{"level":"info","message":"GET /calculator.js 304 0.487ms\n","timestamp":"2023-12-02T17:17:40.452Z"}
{"level":"info","message":"GET /history.js 304 0.670ms\n","timestamp":"2023-12-02T17:17:40.452Z"}
{"level":"info","message":"GET /theme.js 304 1.214ms\n","timestamp":"2023-12-02T17:17:40.453Z"}
{"level":"info","message":"GET /about.html 304 0.210ms\n","timestamp":"2023-12-02T17:17:45.524Z"}
{"level":"info","message":"GET /style.css 304 0.261ms\n","timestamp":"2023-12-02T17:17:45.537Z"}
{"level":"info","message":"GET /theme.js 304 0.203ms\n","timestamp":"2023-12-02T17:17:45.538Z"}
{"level":"info","message":"GET /index.html 304 0.269ms\n","timestamp":"2023-12-02T17:17:52.587Z"}
{"level":"info","message":"GET /style.css 304 0.615ms\n","timestamp":"2023-12-02T17:17:52.600Z"}
{"level":"info","message":"GET /calculator.js 304 0.837ms\n","timestamp":"2023-12-02T17:17:52.601Z"}
{"level":"info","message":"GET /history.js 304 1.074ms\n","timestamp":"2023-12-02T17:17:52.601Z"}
{"level":"info","message":"GET /theme.js 304 1.294ms\n","timestamp":"2023-12-02T17:17:52.602Z"}
{"level":"info","message":"GET /index.html 200 0.542ms\n","timestamp":"2023-12-02T17:18:08.726Z"}
{"level":"info","message":"GET /style.css 200 0.588ms\n","timestamp":"2023-12-02T17:18:08.735Z"}
{"level":"info","message":"GET /calculator.js 200 1.495ms\n","timestamp":"2023-12-02T17:18:08.738Z"}
{"level":"info","message":"GET /history.js 200 1.763ms\n","timestamp":"2023-12-02T17:18:08.738Z"}
{"level":"info","message":"GET /theme.js 200 1.994ms\n","timestamp":"2023-12-02T17:18:08.739Z"}
{"level":"info","message":"GET /favicon.png 200 0.602ms\n","timestamp":"2023-12-02T17:18:08.748Z"}
{"level":"info","message":"GET /about.html 304 0.230ms\n","timestamp":"2023-12-02T17:18:30.108Z"}
{"level":"info","message":"GET /style.css 304 0.289ms\n","timestamp":"2023-12-02T17:18:30.121Z"}
{"level":"info","message":"GET /theme.js 304 0.212ms\n","timestamp":"2023-12-02T17:18:30.122Z"}
{"level":"info","message":"GET /index.html 304 0.277ms\n","timestamp":"2023-12-02T17:18:31.595Z"}
{"level":"info","message":"GET /style.css 304 0.877ms\n","timestamp":"2023-12-02T17:18:31.610Z"}
{"level":"info","message":"GET /calculator.js 304 1.378ms\n","timestamp":"2023-12-02T17:18:31.611Z"}
{"level":"info","message":"GET /history.js 304 1.727ms\n","timestamp":"2023-12-02T17:18:31.611Z"}
{"level":"info","message":"GET /theme.js 304 2.211ms\n","timestamp":"2023-12-02T17:18:31.612Z"}
{"level":"info","message":"GET /index.html 200 0.506ms\n","timestamp":"2023-12-02T17:19:19.218Z"}
{"level":"info","message":"GET /style.css 200 0.364ms\n","timestamp":"2023-12-02T17:19:19.225Z"}
{"level":"info","message":"GET /calculator.js 200 0.727ms\n","timestamp":"2023-12-02T17:19:19.227Z"}
{"level":"info","message":"GET /history.js 200 0.946ms\n","timestamp":"2023-12-02T17:19:19.227Z"}
{"level":"info","message":"GET /theme.js 200 1.127ms\n","timestamp":"2023-12-02T17:19:19.227Z"}
{"level":"info","message":"GET /favicon.png 200 0.607ms\n","timestamp":"2023-12-02T17:19:19.233Z"}
{"level":"info","message":"GET /about.html 304 0.426ms\n","timestamp":"2023-12-02T17:19:27.907Z"}
{"level":"info","message":"GET /style.css 304 0.548ms\n","timestamp":"2023-12-02T17:19:27.926Z"}
{"level":"info","message":"GET /theme.js 304 0.816ms\n","timestamp":"2023-12-02T17:19:27.926Z"}
{"level":"info","message":"GET /index.html 304 0.260ms\n","timestamp":"2023-12-02T17:19:32.026Z"}
{"level":"info","message":"GET /style.css 304 0.253ms\n","timestamp":"2023-12-02T17:19:32.037Z"}
{"level":"info","message":"GET /calculator.js 304 0.792ms\n","timestamp":"2023-12-02T17:19:32.040Z"}
{"level":"info","message":"GET /history.js 304 1.033ms\n","timestamp":"2023-12-02T17:19:32.040Z"}
{"level":"info","message":"GET /theme.js 304 1.214ms\n","timestamp":"2023-12-02T17:19:32.040Z"}
{"level":"info","message":"GET /about.html 304 0.252ms\n","timestamp":"2023-12-02T17:19:34.055Z"}
{"level":"info","message":"GET /style.css 304 0.334ms\n","timestamp":"2023-12-02T17:19:34.067Z"}
{"level":"info","message":"GET /theme.js 304 0.231ms\n","timestamp":"2023-12-02T17:19:34.068Z"}
{"level":"info","message":"GET /index.html 304 0.339ms\n","timestamp":"2023-12-02T17:19:35.092Z"}
{"level":"info","message":"GET /style.css 304 0.732ms\n","timestamp":"2023-12-02T17:19:35.110Z"}
{"level":"info","message":"GET /calculator.js 304 1.115ms\n","timestamp":"2023-12-02T17:19:35.111Z"}
{"level":"info","message":"GET /history.js 304 1.459ms\n","timestamp":"2023-12-02T17:19:35.111Z"}
{"level":"info","message":"GET /theme.js 304 1.785ms\n","timestamp":"2023-12-02T17:19:35.112Z"}
{"level":"info","message":"GET /about.html 304 0.365ms\n","timestamp":"2023-12-02T17:19:55.697Z"}
{"level":"info","message":"GET /theme.js 304 0.393ms\n","timestamp":"2023-12-02T17:19:55.715Z"}
{"level":"info","message":"GET /style.css 200 1.479ms\n","timestamp":"2023-12-02T17:19:55.716Z"}
{"level":"info","message":"GET /index.html 304 0.312ms\n","timestamp":"2023-12-02T17:19:57.118Z"}
{"level":"info","message":"GET /style.css 304 0.290ms\n","timestamp":"2023-12-02T17:19:57.134Z"}
{"level":"info","message":"GET /calculator.js 304 0.578ms\n","timestamp":"2023-12-02T17:19:57.136Z"}
{"level":"info","message":"GET /history.js 304 0.747ms\n","timestamp":"2023-12-02T17:19:57.136Z"}
{"level":"info","message":"GET /theme.js 304 0.923ms\n","timestamp":"2023-12-02T17:19:57.137Z"}
{"level":"info","message":"GET /about.html 304 0.258ms\n","timestamp":"2023-12-02T17:20:20.067Z"}
{"level":"info","message":"GET /style.css 200 0.568ms\n","timestamp":"2023-12-02T17:20:20.081Z"}
{"level":"info","message":"GET /theme.js 304 0.291ms\n","timestamp":"2023-12-02T17:20:20.082Z"}
{"level":"info","message":"GET /index.html 304 0.280ms\n","timestamp":"2023-12-02T17:20:21.108Z"}
{"level":"info","message":"GET /style.css 304 0.268ms\n","timestamp":"2023-12-02T17:20:21.119Z"}
{"level":"info","message":"GET /theme.js 304 0.731ms\n","timestamp":"2023-12-02T17:20:21.122Z"}
{"level":"info","message":"GET /calculator.js 304 0.978ms\n","timestamp":"2023-12-02T17:20:21.122Z"}
{"level":"info","message":"GET /history.js 304 1.504ms\n","timestamp":"2023-12-02T17:20:21.123Z"}
{"level":"info","message":"GET /index.html 200 0.536ms\n","timestamp":"2023-12-02T17:20:22.561Z"}
{"level":"info","message":"GET /style.css 200 0.448ms\n","timestamp":"2023-12-02T17:20:22.569Z"}
{"level":"info","message":"GET /calculator.js 200 0.607ms\n","timestamp":"2023-12-02T17:20:22.570Z"}
{"level":"info","message":"GET /history.js 200 0.761ms\n","timestamp":"2023-12-02T17:20:22.570Z"}
{"level":"info","message":"GET /theme.js 200 0.944ms\n","timestamp":"2023-12-02T17:20:22.570Z"}
{"level":"info","message":"GET /favicon.png 200 0.323ms\n","timestamp":"2023-12-02T17:20:22.575Z"}
{"level":"info","message":"GET /about.html 304 0.212ms\n","timestamp":"2023-12-02T17:20:24.246Z"}
{"level":"info","message":"GET /style.css 304 0.463ms\n","timestamp":"2023-12-02T17:20:24.260Z"}
{"level":"info","message":"GET /theme.js 304 0.415ms\n","timestamp":"2023-12-02T17:20:24.262Z"}
{"level":"info","message":"GET /index.html 304 0.250ms\n","timestamp":"2023-12-02T17:20:25.162Z"}
{"level":"info","message":"GET /style.css 304 0.587ms\n","timestamp":"2023-12-02T17:20:25.176Z"}
{"level":"info","message":"GET /calculator.js 304 1.150ms\n","timestamp":"2023-12-02T17:20:25.177Z"}
{"level":"info","message":"GET /history.js 304 1.399ms\n","timestamp":"2023-12-02T17:20:25.177Z"}
{"level":"info","message":"GET /theme.js 304 1.643ms\n","timestamp":"2023-12-02T17:20:25.177Z"}
{"level":"info","message":"GET /about.html 304 0.255ms\n","timestamp":"2023-12-02T17:20:27.127Z"}
{"level":"info","message":"GET /style.css 304 0.425ms\n","timestamp":"2023-12-02T17:20:27.141Z"}
{"level":"info","message":"GET /theme.js 304 0.634ms\n","timestamp":"2023-12-02T17:20:27.141Z"}
{"level":"info","message":"GET /index.html 304 0.276ms\n","timestamp":"2023-12-02T17:20:29.048Z"}
{"level":"info","message":"GET /style.css 304 0.689ms\n","timestamp":"2023-12-02T17:20:29.061Z"}
{"level":"info","message":"GET /calculator.js 304 0.853ms\n","timestamp":"2023-12-02T17:20:29.062Z"}
{"level":"info","message":"GET /history.js 304 1.056ms\n","timestamp":"2023-12-02T17:20:29.062Z"}
{"level":"info","message":"GET /theme.js 304 1.270ms\n","timestamp":"2023-12-02T17:20:29.062Z"}
{"level":"info","message":"GET /about.html 304 0.237ms\n","timestamp":"2023-12-02T17:20:36.052Z"}
{"level":"info","message":"GET /style.css 304 0.472ms\n","timestamp":"2023-12-02T17:20:36.067Z"}
{"level":"info","message":"GET /theme.js 304 0.655ms\n","timestamp":"2023-12-02T17:20:36.067Z"}
{"level":"info","message":"GET /index.html 304 0.595ms\n","timestamp":"2023-12-02T17:20:38.907Z"}
{"level":"info","message":"GET /style.css 304 0.869ms\n","timestamp":"2023-12-02T17:20:38.920Z"}
{"level":"info","message":"GET /theme.js 304 1.130ms\n","timestamp":"2023-12-02T17:20:38.921Z"}
{"level":"info","message":"GET /calculator.js 304 1.467ms\n","timestamp":"2023-12-02T17:20:38.921Z"}
{"level":"info","message":"GET /history.js 304 1.747ms\n","timestamp":"2023-12-02T17:20:38.922Z"}
{"level":"info","message":"GET /about.html 304 0.232ms\n","timestamp":"2023-12-02T17:21:57.663Z"}
{"level":"info","message":"GET /style.css 304 0.302ms\n","timestamp":"2023-12-02T17:21:57.675Z"}
{"level":"info","message":"GET /theme.js 304 0.206ms\n","timestamp":"2023-12-02T17:21:57.676Z"}
{"level":"info","message":"GET /index.html 304 0.255ms\n","timestamp":"2023-12-02T17:22:00.421Z"}
{"level":"info","message":"GET /style.css 304 0.912ms\n","timestamp":"2023-12-02T17:22:00.435Z"}
{"level":"info","message":"GET /calculator.js 304 1.081ms\n","timestamp":"2023-12-02T17:22:00.436Z"}
{"level":"info","message":"GET /theme.js 304 1.468ms\n","timestamp":"2023-12-02T17:22:00.436Z"}
{"level":"info","message":"GET /history.js 304 1.745ms\n","timestamp":"2023-12-02T17:22:00.437Z"}
{"level":"info","message":"GET /about.html 304 0.276ms\n","timestamp":"2023-12-02T17:22:01.746Z"}
{"level":"info","message":"GET /style.css 304 0.336ms\n","timestamp":"2023-12-02T17:22:01.758Z"}
{"level":"info","message":"GET /theme.js 304 0.269ms\n","timestamp":"2023-12-02T17:22:01.759Z"}
{"level":"info","message":"GET /index.html 304 0.290ms\n","timestamp":"2023-12-02T17:22:10.628Z"}
{"level":"info","message":"GET /style.css 304 1.258ms\n","timestamp":"2023-12-02T17:22:10.644Z"}
{"level":"info","message":"GET /calculator.js 304 1.252ms\n","timestamp":"2023-12-02T17:22:10.644Z"}
{"level":"info","message":"GET /theme.js 304 1.578ms\n","timestamp":"2023-12-02T17:22:10.645Z"}
{"level":"info","message":"GET /history.js 304 1.826ms\n","timestamp":"2023-12-02T17:22:10.645Z"}
{"level":"info","message":"GET /about.html 304 0.323ms\n","timestamp":"2023-12-02T17:25:09.770Z"}
{"level":"info","message":"GET /style.css 304 0.360ms\n","timestamp":"2023-12-02T17:25:09.782Z"}
{"level":"info","message":"GET /theme.js 304 0.334ms\n","timestamp":"2023-12-02T17:25:09.783Z"}
{"level":"info","message":"GET /index.html 304 0.251ms\n","timestamp":"2023-12-02T17:25:11.310Z"}
{"level":"info","message":"GET /style.css 304 0.255ms\n","timestamp":"2023-12-02T17:25:11.321Z"}
{"level":"info","message":"GET /calculator.js 304 0.672ms\n","timestamp":"2023-12-02T17:25:11.324Z"}
{"level":"info","message":"GET /history.js 304 1.073ms\n","timestamp":"2023-12-02T17:25:11.324Z"}
{"level":"info","message":"GET /theme.js 304 1.635ms\n","timestamp":"2023-12-02T17:25:11.325Z"}
{"level":"info","message":"GET /about.html 304 0.278ms\n","timestamp":"2023-12-02T17:25:19.571Z"}
{"level":"info","message":"GET /style.css 304 0.271ms\n","timestamp":"2023-12-02T17:25:19.583Z"}
{"level":"info","message":"GET /theme.js 304 0.231ms\n","timestamp":"2023-12-02T17:25:19.584Z"}
{"level":"info","message":"GET /index.html 304 0.319ms\n","timestamp":"2023-12-02T17:25:24.908Z"}
{"level":"info","message":"GET /style.css 304 0.809ms\n","timestamp":"2023-12-02T17:25:24.928Z"}
{"level":"info","message":"GET /calculator.js 304 1.036ms\n","timestamp":"2023-12-02T17:25:24.928Z"}
{"level":"info","message":"GET /theme.js 304 1.298ms\n","timestamp":"2023-12-02T17:25:24.929Z"}
{"level":"info","message":"GET /history.js 304 1.476ms\n","timestamp":"2023-12-02T17:25:24.929Z"}
{"level":"info","message":"GET /about.html 304 0.279ms\n","timestamp":"2023-12-02T17:25:36.515Z"}
{"level":"info","message":"GET /style.css 304 0.679ms\n","timestamp":"2023-12-02T17:25:36.530Z"}
{"level":"info","message":"GET /theme.js 304 0.919ms\n","timestamp":"2023-12-02T17:25:36.531Z"}
{"level":"info","message":"GET /index.html 304 0.304ms\n","timestamp":"2023-12-02T17:25:47.811Z"}
{"level":"info","message":"GET /style.css 304 0.313ms\n","timestamp":"2023-12-02T17:25:47.825Z"}
{"level":"info","message":"GET /calculator.js 304 0.464ms\n","timestamp":"2023-12-02T17:25:47.827Z"}
{"level":"info","message":"GET /history.js 304 0.715ms\n","timestamp":"2023-12-02T17:25:47.827Z"}
{"level":"info","message":"GET /theme.js 304 0.928ms\n","timestamp":"2023-12-02T17:25:47.828Z"}
{"level":"info","message":"GET /index.html 200 0.683ms\n","timestamp":"2023-12-02T17:31:52.113Z"}
{"level":"info","message":"GET /style.css 200 0.503ms\n","timestamp":"2023-12-02T17:31:52.121Z"}
{"level":"info","message":"GET /calculator.js 200 1.230ms\n","timestamp":"2023-12-02T17:31:52.123Z"}
{"level":"info","message":"GET /history.js 200 1.534ms\n","timestamp":"2023-12-02T17:31:52.124Z"}
{"level":"info","message":"GET /theme.js 200 1.730ms\n","timestamp":"2023-12-02T17:31:52.124Z"}
{"level":"info","message":"GET /favicon.png 200 0.342ms\n","timestamp":"2023-12-02T17:31:52.128Z"}
{"level":"info","message":"GET /index.html 200 0.640ms\n","timestamp":"2023-12-02T17:35:52.561Z"}
{"level":"info","message":"GET /style.css 200 0.454ms\n","timestamp":"2023-12-02T17:35:52.568Z"}
{"level":"info","message":"GET /calculator.js 200 0.646ms\n","timestamp":"2023-12-02T17:35:52.569Z"}
{"level":"info","message":"GET /theme.js 200 0.694ms\n","timestamp":"2023-12-02T17:35:52.570Z"}
{"level":"info","message":"GET /history.js 200 1.154ms\n","timestamp":"2023-12-02T17:35:52.570Z"}
{"level":"info","message":"GET /favicon.png 200 0.382ms\n","timestamp":"2023-12-02T17:35:52.575Z"}
{"level":"info","message":"GET /index.html 200 0.396ms\n","timestamp":"2023-12-02T17:35:54.672Z"}
{"level":"info","message":"GET /style.css 200 1.079ms\n","timestamp":"2023-12-02T17:35:54.681Z"}
{"level":"info","message":"GET /calculator.js 200 1.638ms\n","timestamp":"2023-12-02T17:35:54.682Z"}
{"level":"info","message":"GET /history.js 200 1.994ms\n","timestamp":"2023-12-02T17:35:54.682Z"}
{"level":"info","message":"GET /theme.js 200 2.300ms\n","timestamp":"2023-12-02T17:35:54.683Z"}
{"level":"info","message":"GET /favicon.png 200 0.590ms\n","timestamp":"2023-12-02T17:35:54.689Z"}
{"level":"info","message":"GET /index.html 200 0.547ms\n","timestamp":"2023-12-02T17:35:56.865Z"}
{"level":"info","message":"GET /style.css 200 0.696ms\n","timestamp":"2023-12-02T17:35:56.875Z"}
{"level":"info","message":"GET /calculator.js 200 1.804ms\n","timestamp":"2023-12-02T17:35:56.876Z"}
{"level":"info","message":"GET /history.js 200 1.623ms\n","timestamp":"2023-12-02T17:35:56.877Z"}
{"level":"info","message":"GET /theme.js 200 1.938ms\n","timestamp":"2023-12-02T17:35:56.878Z"}
{"level":"info","message":"GET /favicon.png 200 0.470ms\n","timestamp":"2023-12-02T17:35:56.884Z"}
{"level":"info","message":"GET /index.html 200 0.702ms\n","timestamp":"2023-12-02T17:38:10.865Z"}
{"level":"info","message":"GET /style.css 200 1.858ms\n","timestamp":"2023-12-02T17:38:10.880Z"}
{"level":"info","message":"GET /calculator.js 200 1.759ms\n","timestamp":"2023-12-02T17:38:10.881Z"}
{"level":"info","message":"GET /history.js 200 2.116ms\n","timestamp":"2023-12-02T17:38:10.882Z"}
{"level":"info","message":"GET /theme.js 200 1.470ms\n","timestamp":"2023-12-02T17:38:10.882Z"}
{"level":"info","message":"GET /favicon.png 200 0.556ms\n","timestamp":"2023-12-02T17:38:10.888Z"}
{"level":"info","message":"GET /about.html 304 0.265ms\n","timestamp":"2023-12-02T17:38:23.713Z"}
{"level":"info","message":"GET /style.css 304 0.260ms\n","timestamp":"2023-12-02T17:38:23.725Z"}
{"level":"info","message":"GET /theme.js 304 0.271ms\n","timestamp":"2023-12-02T17:38:23.726Z"}
{"level":"info","message":"GET /index.html 304 0.247ms\n","timestamp":"2023-12-02T17:38:26.087Z"}
{"level":"info","message":"GET /style.css 304 0.328ms\n","timestamp":"2023-12-02T17:38:26.099Z"}
{"level":"info","message":"GET /calculator.js 304 1.168ms\n","timestamp":"2023-12-02T17:38:26.102Z"}
{"level":"info","message":"GET /history.js 304 1.457ms\n","timestamp":"2023-12-02T17:38:26.103Z"}
{"level":"info","message":"GET /theme.js 304 1.774ms\n","timestamp":"2023-12-02T17:38:26.103Z"}
{"level":"info","message":"GET /about.html 304 0.271ms\n","timestamp":"2023-12-02T17:38:28.089Z"}
{"level":"info","message":"GET /style.css 304 0.285ms\n","timestamp":"2023-12-02T17:38:28.101Z"}
{"level":"info","message":"GET /theme.js 304 0.356ms\n","timestamp":"2023-12-02T17:38:28.103Z"}
{"level":"info","message":"GET /index.html 304 0.286ms\n","timestamp":"2023-12-02T17:38:32.930Z"}
{"level":"info","message":"GET /style.css 304 0.354ms\n","timestamp":"2023-12-02T17:38:32.947Z"}
{"level":"info","message":"GET /calculator.js 304 0.334ms\n","timestamp":"2023-12-02T17:38:32.949Z"}
{"level":"info","message":"GET /history.js 304 0.397ms\n","timestamp":"2023-12-02T17:38:32.950Z"}
{"level":"info","message":"GET /theme.js 304 0.561ms\n","timestamp":"2023-12-02T17:38:32.950Z"}
{"level":"info","message":"GET /index.html 200 0.574ms\n","timestamp":"2023-12-02T17:41:32.672Z"}
{"level":"info","message":"GET /style.css 200 0.564ms\n","timestamp":"2023-12-02T17:41:32.679Z"}
{"level":"info","message":"GET /theme.js 200 1.077ms\n","timestamp":"2023-12-02T17:41:32.681Z"}
{"level":"info","message":"GET /calculator.js 200 1.299ms\n","timestamp":"2023-12-02T17:41:32.681Z"}
{"level":"info","message":"GET /history.js 200 1.507ms\n","timestamp":"2023-12-02T17:41:32.681Z"}
{"level":"info","message":"GET /favicon.png 200 0.415ms\n","timestamp":"2023-12-02T17:41:32.686Z"}
{"level":"info","message":"GET /index.html 200 0.577ms\n","timestamp":"2023-12-02T17:43:41.425Z"}
{"level":"info","message":"GET /style.css 200 0.406ms\n","timestamp":"2023-12-02T17:43:41.433Z"}
{"level":"info","message":"GET /calculator.js 200 0.796ms\n","timestamp":"2023-12-02T17:43:41.434Z"}
{"level":"info","message":"GET /history.js 200 0.998ms\n","timestamp":"2023-12-02T17:43:41.434Z"}
{"level":"info","message":"GET /theme.js 200 1.129ms\n","timestamp":"2023-12-02T17:43:41.435Z"}
{"level":"info","message":"GET /favicon.png 200 0.406ms\n","timestamp":"2023-12-02T17:43:41.439Z"}
{"level":"info","message":"GET /about.html 304 0.249ms\n","timestamp":"2023-12-02T17:43:45.829Z"}
{"level":"info","message":"GET /style.css 304 0.303ms\n","timestamp":"2023-12-02T17:43:45.841Z"}
{"level":"info","message":"GET /theme.js 304 0.278ms\n","timestamp":"2023-12-02T17:43:45.842Z"}
{"level":"info","message":"GET /index.html 304 0.841ms\n","timestamp":"2023-12-02T17:43:47.367Z"}
{"level":"info","message":"GET /style.css 304 0.301ms\n","timestamp":"2023-12-02T17:43:47.380Z"}
{"level":"info","message":"GET /theme.js 304 0.633ms\n","timestamp":"2023-12-02T17:43:47.382Z"}
{"level":"info","message":"GET /calculator.js 304 0.997ms\n","timestamp":"2023-12-02T17:43:47.383Z"}
{"level":"info","message":"GET /history.js 304 1.808ms\n","timestamp":"2023-12-02T17:43:47.384Z"}
{"level":"info","message":"GET /index.html 200 0.528ms\n","timestamp":"2023-12-02T17:44:33.825Z"}
{"level":"info","message":"GET /style.css 200 0.656ms\n","timestamp":"2023-12-02T17:44:33.833Z"}
{"level":"info","message":"GET /calculator.js 200 0.767ms\n","timestamp":"2023-12-02T17:44:33.834Z"}
{"level":"info","message":"GET /history.js 200 1.047ms\n","timestamp":"2023-12-02T17:44:33.835Z"}
{"level":"info","message":"GET /theme.js 200 1.124ms\n","timestamp":"2023-12-02T17:44:33.835Z"}
{"level":"info","message":"GET /favicon.png 200 0.667ms\n","timestamp":"2023-12-02T17:44:33.840Z"}
{"level":"info","message":"GET /about.html 304 0.245ms\n","timestamp":"2023-12-02T17:44:35.970Z"}
{"level":"info","message":"GET /style.css 304 0.286ms\n","timestamp":"2023-12-02T17:44:35.983Z"}
{"level":"info","message":"GET /theme.js 304 0.223ms\n","timestamp":"2023-12-02T17:44:35.984Z"}
{"level":"info","message":"GET /index.html 304 0.276ms\n","timestamp":"2023-12-02T17:44:37.648Z"}
{"level":"info","message":"GET /style.css 304 0.342ms\n","timestamp":"2023-12-02T17:44:37.659Z"}
{"level":"info","message":"GET /calculator.js 304 0.513ms\n","timestamp":"2023-12-02T17:44:37.661Z"}
{"level":"info","message":"GET /history.js 304 0.643ms\n","timestamp":"2023-12-02T17:44:37.661Z"}
{"level":"info","message":"GET /theme.js 304 0.810ms\n","timestamp":"2023-12-02T17:44:37.662Z"}
{"level":"info","message":"GET /index.html 200 0.530ms\n","timestamp":"2023-12-02T17:45:31.151Z"}
{"level":"info","message":"GET /style.css 200 0.621ms\n","timestamp":"2023-12-02T17:45:31.159Z"}
{"level":"info","message":"GET /calculator.js 200 0.804ms\n","timestamp":"2023-12-02T17:45:31.161Z"}
{"level":"info","message":"GET /history.js 200 1.021ms\n","timestamp":"2023-12-02T17:45:31.161Z"}
{"level":"info","message":"GET /theme.js 200 1.167ms\n","timestamp":"2023-12-02T17:45:31.162Z"}
{"level":"info","message":"GET /favicon.png 200 0.356ms\n","timestamp":"2023-12-02T17:45:31.168Z"}
{"level":"info","message":"GET /index.html 200 0.818ms\n","timestamp":"2023-12-02T17:45:34.049Z"}
{"level":"info","message":"GET /style.css 200 1.619ms\n","timestamp":"2023-12-02T17:45:34.060Z"}
{"level":"info","message":"GET /calculator.js 200 1.732ms\n","timestamp":"2023-12-02T17:45:34.061Z"}
{"level":"info","message":"GET /history.js 200 2.091ms\n","timestamp":"2023-12-02T17:45:34.061Z"}
{"level":"info","message":"GET /theme.js 200 2.388ms\n","timestamp":"2023-12-02T17:45:34.062Z"}
{"level":"info","message":"GET /favicon.png 200 0.495ms\n","timestamp":"2023-12-02T17:45:34.067Z"}
{"level":"info","message":"GET /about.html 304 0.254ms\n","timestamp":"2023-12-02T17:45:38.196Z"}
{"level":"info","message":"GET /style.css 304 0.319ms\n","timestamp":"2023-12-02T17:45:38.209Z"}
{"level":"info","message":"GET /theme.js 304 0.245ms\n","timestamp":"2023-12-02T17:45:38.210Z"}
{"level":"info","message":"GET /index.html 304 0.723ms\n","timestamp":"2023-12-02T17:45:39.690Z"}
{"level":"info","message":"GET /style.css 304 0.410ms\n","timestamp":"2023-12-02T17:45:39.703Z"}
{"level":"info","message":"GET /calculator.js 304 0.657ms\n","timestamp":"2023-12-02T17:45:39.704Z"}
{"level":"info","message":"GET /history.js 304 0.639ms\n","timestamp":"2023-12-02T17:45:39.705Z"}
{"level":"info","message":"GET /theme.js 304 0.884ms\n","timestamp":"2023-12-02T17:45:39.705Z"}
{"level":"info","message":"GET /index.html 304 0.347ms\n","timestamp":"2023-12-02T17:47:13.035Z"}
{"level":"info","message":"GET /style.css 304 0.329ms\n","timestamp":"2023-12-02T17:47:13.043Z"}
{"level":"info","message":"GET /calculator.js 304 1.041ms\n","timestamp":"2023-12-02T17:47:13.045Z"}
{"level":"info","message":"GET /theme.js 304 1.171ms\n","timestamp":"2023-12-02T17:47:13.045Z"}
{"level":"info","message":"GET /history.js 304 1.208ms\n","timestamp":"2023-12-02T17:47:13.046Z"}
{"level":"info","message":"GET /about.html 304 0.300ms\n","timestamp":"2023-12-02T17:47:17.389Z"}
{"level":"info","message":"GET /style.css 304 0.677ms\n","timestamp":"2023-12-02T17:47:17.402Z"}
{"level":"info","message":"GET /theme.js 304 0.244ms\n","timestamp":"2023-12-02T17:47:17.403Z"}
{"level":"info","message":"GET /index.html 304 0.222ms\n","timestamp":"2023-12-02T17:47:18.483Z"}
{"level":"info","message":"GET /style.css 304 0.296ms\n","timestamp":"2023-12-02T17:47:18.494Z"}
{"level":"info","message":"GET /calculator.js 304 0.411ms\n","timestamp":"2023-12-02T17:47:18.496Z"}
{"level":"info","message":"GET /history.js 304 0.310ms\n","timestamp":"2023-12-02T17:47:18.497Z"}
{"level":"info","message":"GET /theme.js 304 0.479ms\n","timestamp":"2023-12-02T17:47:18.497Z"}
{"level":"info","message":"GET /index.html 200 0.645ms\n","timestamp":"2023-12-02T17:48:49.055Z"}
{"level":"info","message":"GET /style.css 200 0.591ms\n","timestamp":"2023-12-02T17:48:49.063Z"}
{"level":"info","message":"GET /calculator.js 200 0.925ms\n","timestamp":"2023-12-02T17:48:49.065Z"}
{"level":"info","message":"GET /history.js 200 1.111ms\n","timestamp":"2023-12-02T17:48:49.065Z"}
{"level":"info","message":"GET /theme.js 200 1.241ms\n","timestamp":"2023-12-02T17:48:49.065Z"}
{"level":"info","message":"GET /favicon.png 200 0.377ms\n","timestamp":"2023-12-02T17:48:49.070Z"}
{"level":"info","message":"GET /about.html 304 0.289ms\n","timestamp":"2023-12-02T17:48:52.129Z"}
{"level":"info","message":"GET /style.css 304 0.567ms\n","timestamp":"2023-12-02T17:48:52.146Z"}
{"level":"info","message":"GET /theme.js 304 0.975ms\n","timestamp":"2023-12-02T17:48:52.147Z"}
{"level":"info","message":"GET /index.html 304 0.400ms\n","timestamp":"2023-12-02T17:48:55.110Z"}
{"level":"info","message":"GET /style.css 304 0.347ms\n","timestamp":"2023-12-02T17:48:55.130Z"}
{"level":"info","message":"GET /calculator.js 304 0.376ms\n","timestamp":"2023-12-02T17:48:55.132Z"}
{"level":"info","message":"GET /history.js 304 0.483ms\n","timestamp":"2023-12-02T17:48:55.133Z"}
{"level":"info","message":"GET /theme.js 304 0.823ms\n","timestamp":"2023-12-02T17:48:55.133Z"}
{"level":"info","message":"GET /about.html 304 0.236ms\n","timestamp":"2023-12-02T17:48:56.371Z"}
{"level":"info","message":"GET /style.css 304 0.304ms\n","timestamp":"2023-12-02T17:48:56.383Z"}
{"level":"info","message":"GET /theme.js 304 0.228ms\n","timestamp":"2023-12-02T17:48:56.384Z"}
{"level":"info","message":"GET /about.html 200 0.682ms\n","timestamp":"2023-12-02T17:49:12.895Z"}
{"level":"info","message":"GET /style.css 200 0.896ms\n","timestamp":"2023-12-02T17:49:12.904Z"}
{"level":"info","message":"GET /theme.js 200 1.202ms\n","timestamp":"2023-12-02T17:49:12.905Z"}
{"level":"info","message":"GET /favicon.png 200 0.484ms\n","timestamp":"2023-12-02T17:49:12.912Z"}
{"level":"info","message":"GET /about.html 200 0.605ms\n","timestamp":"2023-12-02T17:51:17.375Z"}
{"level":"info","message":"GET /style.css 200 0.652ms\n","timestamp":"2023-12-02T17:51:17.383Z"}
{"level":"info","message":"GET /theme.js 200 0.723ms\n","timestamp":"2023-12-02T17:51:17.384Z"}
{"level":"info","message":"GET /favicon.png 200 0.434ms\n","timestamp":"2023-12-02T17:51:17.389Z"}
{"level":"info","message":"GET /about.html 200 0.533ms\n","timestamp":"2023-12-02T17:52:41.248Z"}
{"level":"info","message":"GET /style.css 200 0.683ms\n","timestamp":"2023-12-02T17:52:41.256Z"}
{"level":"info","message":"GET /theme.js 200 1.034ms\n","timestamp":"2023-12-02T17:52:41.257Z"}
{"level":"info","message":"GET /favicon.png 200 0.332ms\n","timestamp":"2023-12-02T17:52:41.261Z"}
{"level":"info","message":"GET /index.html 304 0.291ms\n","timestamp":"2023-12-02T17:52:47.073Z"}
{"level":"info","message":"GET /style.css 304 0.714ms\n","timestamp":"2023-12-02T17:52:47.087Z"}
{"level":"info","message":"GET /theme.js 304 0.849ms\n","timestamp":"2023-12-02T17:52:47.088Z"}
{"level":"info","message":"GET /calculator.js 304 1.018ms\n","timestamp":"2023-12-02T17:52:47.088Z"}
{"level":"info","message":"GET /history.js 304 1.244ms\n","timestamp":"2023-12-02T17:52:47.089Z"}
{"level":"info","message":"GET /about.html 304 0.268ms\n","timestamp":"2023-12-02T17:52:48.956Z"}
{"level":"info","message":"GET /style.css 304 0.360ms\n","timestamp":"2023-12-02T17:52:48.972Z"}
{"level":"info","message":"GET /theme.js 304 0.555ms\n","timestamp":"2023-12-02T17:52:48.972Z"}
{"level":"info","message":"GET /about.html 304 0.278ms\n","timestamp":"2023-12-02T17:52:57.748Z"}
{"level":"info","message":"GET /style.css 304 0.357ms\n","timestamp":"2023-12-02T17:52:57.756Z"}
{"level":"info","message":"GET /theme.js 304 0.637ms\n","timestamp":"2023-12-02T17:52:57.757Z"}
{"level":"info","message":"GET /index.html 304 0.272ms\n","timestamp":"2023-12-02T17:52:59.516Z"}
{"level":"info","message":"GET /style.css 304 0.618ms\n","timestamp":"2023-12-02T17:52:59.529Z"}
{"level":"info","message":"GET /calculator.js 304 0.775ms\n","timestamp":"2023-12-02T17:52:59.530Z"}
{"level":"info","message":"GET /history.js 304 1.166ms\n","timestamp":"2023-12-02T17:52:59.530Z"}
{"level":"info","message":"GET /theme.js 304 0.553ms\n","timestamp":"2023-12-02T17:52:59.531Z"}
{"level":"info","message":"GET /about.html 304 0.213ms\n","timestamp":"2023-12-02T17:53:01.535Z"}
{"level":"info","message":"GET /style.css 304 0.417ms\n","timestamp":"2023-12-02T17:53:01.548Z"}
{"level":"info","message":"GET /theme.js 304 0.634ms\n","timestamp":"2023-12-02T17:53:01.549Z"}
{"level":"info","message":"GET /index.html 304 0.243ms\n","timestamp":"2023-12-02T17:53:03.266Z"}
{"level":"info","message":"GET /style.css 304 0.312ms\n","timestamp":"2023-12-02T17:53:03.277Z"}
{"level":"info","message":"GET /calculator.js 304 0.472ms\n","timestamp":"2023-12-02T17:53:03.278Z"}
{"level":"info","message":"GET /history.js 304 0.935ms\n","timestamp":"2023-12-02T17:53:03.279Z"}
{"level":"info","message":"GET /theme.js 304 1.431ms\n","timestamp":"2023-12-02T17:53:03.280Z"}
{"level":"info","message":"GET /index.html 200 0.565ms\n","timestamp":"2023-12-02T17:54:00.558Z"}
{"level":"info","message":"GET /style.css 200 0.399ms\n","timestamp":"2023-12-02T17:54:00.566Z"}
{"level":"info","message":"GET /calculator.js 200 0.763ms\n","timestamp":"2023-12-02T17:54:00.567Z"}
{"level":"info","message":"GET /history.js 200 0.939ms\n","timestamp":"2023-12-02T17:54:00.568Z"}
{"level":"info","message":"GET /theme.js 200 1.142ms\n","timestamp":"2023-12-02T17:54:00.568Z"}
{"level":"info","message":"GET /favicon.png 200 0.343ms\n","timestamp":"2023-12-02T17:54:00.572Z"}
{"level":"info","message":"GET /about.html 304 0.262ms\n","timestamp":"2023-12-02T17:54:03.245Z"}
{"level":"info","message":"GET /style.css 304 0.445ms\n","timestamp":"2023-12-02T17:54:03.264Z"}
{"level":"info","message":"GET /theme.js 304 0.625ms\n","timestamp":"2023-12-02T17:54:03.265Z"}
{"level":"info","message":"GET /index.html 304 0.261ms\n","timestamp":"2023-12-02T17:54:04.737Z"}
{"level":"info","message":"GET /style.css 304 0.385ms\n","timestamp":"2023-12-02T17:54:04.750Z"}
{"level":"info","message":"GET /calculator.js 304 0.897ms\n","timestamp":"2023-12-02T17:54:04.753Z"}
{"level":"info","message":"GET /history.js 304 1.196ms\n","timestamp":"2023-12-02T17:54:04.753Z"}
{"level":"info","message":"GET /theme.js 304 1.583ms\n","timestamp":"2023-12-02T17:54:04.754Z"}
{"level":"info","message":"GET /about.html 304 0.275ms\n","timestamp":"2023-12-02T17:54:06.097Z"}
{"level":"info","message":"GET /style.css 304 0.338ms\n","timestamp":"2023-12-02T17:54:06.112Z"}
{"level":"info","message":"GET /theme.js 304 0.560ms\n","timestamp":"2023-12-02T17:54:06.112Z"}
{"level":"info","message":"GET /index.html 304 0.255ms\n","timestamp":"2023-12-02T17:54:07.019Z"}
{"level":"info","message":"GET /style.css 304 0.378ms\n","timestamp":"2023-12-02T17:54:07.032Z"}
{"level":"info","message":"GET /calculator.js 304 0.752ms\n","timestamp":"2023-12-02T17:54:07.035Z"}
{"level":"info","message":"GET /history.js 304 1.052ms\n","timestamp":"2023-12-02T17:54:07.036Z"}
{"level":"info","message":"GET /theme.js 304 2.106ms\n","timestamp":"2023-12-02T17:54:07.037Z"}
{"level":"info","message":"GET /about.html 304 0.290ms\n","timestamp":"2023-12-02T17:54:08.251Z"}
{"level":"info","message":"GET /style.css 304 0.531ms\n","timestamp":"2023-12-02T17:54:08.265Z"}
{"level":"info","message":"GET /theme.js 304 0.714ms\n","timestamp":"2023-12-02T17:54:08.266Z"}
{"level":"info","message":"GET /about.html 200 0.470ms\n","timestamp":"2023-12-02T17:54:42.591Z"}
{"level":"info","message":"GET /style.css 200 0.495ms\n","timestamp":"2023-12-02T17:54:42.598Z"}
{"level":"info","message":"GET /theme.js 200 0.655ms\n","timestamp":"2023-12-02T17:54:42.598Z"}
{"level":"info","message":"GET /favicon.png 200 0.444ms\n","timestamp":"2023-12-02T17:54:42.603Z"}
{"level":"info","message":"GET /index.html 304 0.248ms\n","timestamp":"2023-12-02T17:55:19.097Z"}
{"level":"info","message":"GET /style.css 304 0.315ms\n","timestamp":"2023-12-02T17:55:19.109Z"}
{"level":"info","message":"GET /calculator.js 304 0.533ms\n","timestamp":"2023-12-02T17:55:19.111Z"}
{"level":"info","message":"GET /history.js 304 0.659ms\n","timestamp":"2023-12-02T17:55:19.111Z"}
{"level":"info","message":"GET /theme.js 304 1.109ms\n","timestamp":"2023-12-02T17:55:19.112Z"}
{"level":"info","message":"GET /about.html 304 0.271ms\n","timestamp":"2023-12-02T17:55:20.147Z"}
{"level":"info","message":"GET /style.css 304 0.342ms\n","timestamp":"2023-12-02T17:55:20.163Z"}
{"level":"info","message":"GET /theme.js 304 0.262ms\n","timestamp":"2023-12-02T17:55:20.164Z"}
{"level":"info","message":"GET /about.html 200 0.541ms\n","timestamp":"2023-12-02T17:56:51.406Z"}
{"level":"info","message":"GET /style.css 200 0.584ms\n","timestamp":"2023-12-02T17:56:51.413Z"}
{"level":"info","message":"GET /theme.js 200 0.591ms\n","timestamp":"2023-12-02T17:56:51.414Z"}
{"level":"info","message":"GET /favicon.png 200 0.427ms\n","timestamp":"2023-12-02T17:56:51.418Z"}
{"level":"info","message":"GET /about.html 200 0.582ms\n","timestamp":"2023-12-02T17:59:57.470Z"}
{"level":"info","message":"GET /style.css 200 0.638ms\n","timestamp":"2023-12-02T17:59:57.478Z"}
{"level":"info","message":"GET /theme.js 200 0.852ms\n","timestamp":"2023-12-02T17:59:57.479Z"}
{"level":"info","message":"GET /favicon.png 200 0.324ms\n","timestamp":"2023-12-02T17:59:57.483Z"}
{"level":"info","message":"GET /index.html 304 1.299ms\n","timestamp":"2023-12-02T18:00:12.006Z"}
{"level":"info","message":"GET /style.css 304 0.256ms\n","timestamp":"2023-12-02T18:00:12.021Z"}
{"level":"info","message":"GET /theme.js 304 0.655ms\n","timestamp":"2023-12-02T18:00:12.023Z"}
{"level":"info","message":"GET /calculator.js 304 0.893ms\n","timestamp":"2023-12-02T18:00:12.024Z"}
{"level":"info","message":"GET /history.js 304 1.119ms\n","timestamp":"2023-12-02T18:00:12.024Z"}
{"level":"info","message":"GET /about.html 304 0.302ms\n","timestamp":"2023-12-02T18:00:13.438Z"}
{"level":"info","message":"GET /style.css 304 0.343ms\n","timestamp":"2023-12-02T18:00:13.459Z"}
{"level":"info","message":"GET /theme.js 304 0.339ms\n","timestamp":"2023-12-02T18:00:13.461Z"}
{"level":"info","message":"GET /about.html 200 0.469ms\n","timestamp":"2023-12-02T18:01:07.567Z"}
{"level":"info","message":"GET /style.css 200 0.786ms\n","timestamp":"2023-12-02T18:01:07.574Z"}
{"level":"info","message":"GET /theme.js 200 0.726ms\n","timestamp":"2023-12-02T18:01:07.574Z"}
{"level":"info","message":"GET /favicon.png 200 0.451ms\n","timestamp":"2023-12-02T18:01:07.580Z"}
{"level":"info","message":"GET /about.html 200 1.003ms\n","timestamp":"2023-12-02T18:01:52.655Z"}
{"level":"info","message":"GET /style.css 200 0.617ms\n","timestamp":"2023-12-02T18:01:52.662Z"}
{"level":"info","message":"GET /theme.js 200 0.726ms\n","timestamp":"2023-12-02T18:01:52.663Z"}
{"level":"info","message":"GET /favicon.png 200 0.324ms\n","timestamp":"2023-12-02T18:01:52.667Z"}
{"level":"info","message":"GET /index.html 200 0.556ms\n","timestamp":"2023-12-02T18:02:43.582Z"}
{"level":"info","message":"GET /style.css 200 0.619ms\n","timestamp":"2023-12-02T18:02:43.591Z"}
{"level":"info","message":"GET /calculator.js 200 0.411ms\n","timestamp":"2023-12-02T18:02:43.593Z"}
{"level":"info","message":"GET /history.js 200 0.444ms\n","timestamp":"2023-12-02T18:02:43.594Z"}
{"level":"info","message":"GET /theme.js 200 0.621ms\n","timestamp":"2023-12-02T18:02:43.594Z"}
{"level":"info","message":"GET /favicon.png 200 0.382ms\n","timestamp":"2023-12-02T18:02:43.599Z"}
{"level":"info","message":"GET /about.html 304 0.257ms\n","timestamp":"2023-12-02T18:02:45.971Z"}
{"level":"info","message":"GET /style.css 304 0.351ms\n","timestamp":"2023-12-02T18:02:45.984Z"}
{"level":"info","message":"GET /theme.js 304 0.624ms\n","timestamp":"2023-12-02T18:02:45.984Z"}
{"level":"info","message":"GET /index.html 304 0.230ms\n","timestamp":"2023-12-02T18:02:55.758Z"}
{"level":"info","message":"GET /style.css 304 0.417ms\n","timestamp":"2023-12-02T18:02:55.775Z"}
{"level":"info","message":"GET /theme.js 304 1.330ms\n","timestamp":"2023-12-02T18:02:55.779Z"}
{"level":"info","message":"GET /calculator.js 304 2.546ms\n","timestamp":"2023-12-02T18:02:55.781Z"}
{"level":"info","message":"GET /history.js 304 2.864ms\n","timestamp":"2023-12-02T18:02:55.782Z"}
{"level":"info","message":"GET /about.html 304 0.237ms\n","timestamp":"2023-12-02T18:02:58.835Z"}
{"level":"info","message":"GET /style.css 304 0.366ms\n","timestamp":"2023-12-02T18:02:58.849Z"}
{"level":"info","message":"GET /theme.js 304 0.530ms\n","timestamp":"2023-12-02T18:02:58.849Z"}
{"level":"info","message":"GET /index.html 304 0.241ms\n","timestamp":"2023-12-02T18:03:00.125Z"}
{"level":"info","message":"GET /style.css 304 0.325ms\n","timestamp":"2023-12-02T18:03:00.138Z"}
{"level":"info","message":"GET /calculator.js 304 0.465ms\n","timestamp":"2023-12-02T18:03:00.139Z"}
{"level":"info","message":"GET /history.js 304 1.481ms\n","timestamp":"2023-12-02T18:03:00.140Z"}
{"level":"info","message":"GET /theme.js 304 0.661ms\n","timestamp":"2023-12-02T18:03:00.140Z"}
{"level":"info","message":"GET /about.html 304 0.277ms\n","timestamp":"2023-12-02T18:03:00.943Z"}
{"level":"info","message":"GET /style.css 304 0.371ms\n","timestamp":"2023-12-02T18:03:00.954Z"}
{"level":"info","message":"GET /theme.js 304 0.275ms\n","timestamp":"2023-12-02T18:03:00.956Z"}
{"level":"info","message":"GET /about.html 200 0.599ms\n","timestamp":"2023-12-02T18:14:51.421Z"}
{"level":"info","message":"GET /style.css 200 0.883ms\n","timestamp":"2023-12-02T18:14:51.429Z"}
{"level":"info","message":"GET /theme.js 200 0.768ms\n","timestamp":"2023-12-02T18:14:51.429Z"}
{"level":"info","message":"GET /favicon.png 200 0.502ms\n","timestamp":"2023-12-02T18:14:51.435Z"}
{"level":"info","message":"GET /index.html 304 0.311ms\n","timestamp":"2023-12-02T18:14:56.124Z"}
{"level":"info","message":"GET /style.css 304 0.632ms\n","timestamp":"2023-12-02T18:14:56.138Z"}
{"level":"info","message":"GET /calculator.js 304 0.830ms\n","timestamp":"2023-12-02T18:14:56.139Z"}
{"level":"info","message":"GET /history.js 304 1.377ms\n","timestamp":"2023-12-02T18:14:56.140Z"}
{"level":"info","message":"GET /theme.js 304 0.512ms\n","timestamp":"2023-12-02T18:14:56.140Z"}
{"level":"info","message":"GET /about.html 304 0.347ms\n","timestamp":"2023-12-02T18:14:57.600Z"}
{"level":"info","message":"GET /style.css 304 0.274ms\n","timestamp":"2023-12-02T18:14:57.612Z"}
{"level":"info","message":"GET /theme.js 304 0.288ms\n","timestamp":"2023-12-02T18:14:57.613Z"}
{"level":"info","message":"GET /index.html 304 0.255ms\n","timestamp":"2023-12-02T18:15:23.044Z"}
{"level":"info","message":"GET /style.css 304 0.306ms\n","timestamp":"2023-12-02T18:15:23.057Z"}
{"level":"info","message":"GET /theme.js 304 0.520ms\n","timestamp":"2023-12-02T18:15:23.059Z"}
{"level":"info","message":"GET /calculator.js 304 0.747ms\n","timestamp":"2023-12-02T18:15:23.060Z"}
{"level":"info","message":"GET /history.js 304 0.995ms\n","timestamp":"2023-12-02T18:15:23.060Z"}
{"level":"info","message":"GET /about.html 304 0.239ms\n","timestamp":"2023-12-02T18:15:23.893Z"}
{"level":"info","message":"GET /style.css 304 0.313ms\n","timestamp":"2023-12-02T18:15:23.904Z"}
{"level":"info","message":"GET /theme.js 304 0.234ms\n","timestamp":"2023-12-02T18:15:23.905Z"}
{"level":"info","message":"GET /index.html 304 0.412ms\n","timestamp":"2023-12-02T18:26:40.262Z"}
{"level":"info","message":"GET /style.css 304 0.399ms\n","timestamp":"2023-12-02T18:26:40.275Z"}
{"level":"info","message":"GET /calculator.js 304 0.242ms\n","timestamp":"2023-12-02T18:26:40.276Z"}
{"level":"info","message":"GET /history.js 304 0.466ms\n","timestamp":"2023-12-02T18:26:40.278Z"}
{"level":"info","message":"GET /theme.js 304 0.671ms\n","timestamp":"2023-12-02T18:26:40.278Z"}
{"level":"info","message":"GET /about.html 304 0.333ms\n","timestamp":"2023-12-02T18:26:42.056Z"}
{"level":"info","message":"GET /style.css 304 0.408ms\n","timestamp":"2023-12-02T18:26:42.069Z"}
{"level":"info","message":"GET /theme.js 304 0.663ms\n","timestamp":"2023-12-02T18:26:42.070Z"}
{"level":"info","message":"GET /index.html 304 0.217ms\n","timestamp":"2023-12-02T18:26:43.797Z"}
{"level":"info","message":"GET /style.css 304 0.338ms\n","timestamp":"2023-12-02T18:26:43.809Z"}
{"level":"info","message":"GET /calculator.js 304 0.666ms\n","timestamp":"2023-12-02T18:26:43.812Z"}
{"level":"info","message":"GET /history.js 304 0.799ms\n","timestamp":"2023-12-02T18:26:43.812Z"}
{"level":"info","message":"GET /theme.js 304 1.103ms\n","timestamp":"2023-12-02T18:26:43.813Z"}
{"level":"info","message":"GET /about.html 304 0.213ms\n","timestamp":"2023-12-02T18:26:47.302Z"}
{"level":"info","message":"GET /style.css 304 0.284ms\n","timestamp":"2023-12-02T18:26:47.312Z"}
{"level":"info","message":"GET /theme.js 304 0.232ms\n","timestamp":"2023-12-02T18:26:47.314Z"}
{"level":"info","message":"GET /index.html 304 0.323ms\n","timestamp":"2023-12-02T18:26:49.007Z"}
{"level":"info","message":"GET /style.css 304 0.355ms\n","timestamp":"2023-12-02T18:26:49.020Z"}
{"level":"info","message":"GET /calculator.js 304 0.220ms\n","timestamp":"2023-12-02T18:26:49.022Z"}
{"level":"info","message":"GET /history.js 304 0.353ms\n","timestamp":"2023-12-02T18:26:49.023Z"}
{"level":"info","message":"GET /theme.js 304 0.821ms\n","timestamp":"2023-12-02T18:26:49.024Z"}
{"level":"info","message":"GET /about.html 304 0.659ms\n","timestamp":"2023-12-02T18:26:58.596Z"}
{"level":"info","message":"GET /style.css 304 0.349ms\n","timestamp":"2023-12-02T18:26:58.607Z"}
{"level":"info","message":"GET /theme.js 304 0.302ms\n","timestamp":"2023-12-02T18:26:58.609Z"}
{"level":"info","message":"GET /about.html 200 0.623ms\n","timestamp":"2023-12-02T18:27:25.227Z"}
{"level":"info","message":"GET /style.css 200 0.839ms\n","timestamp":"2023-12-02T18:27:25.235Z"}
{"level":"info","message":"GET /theme.js 200 0.714ms\n","timestamp":"2023-12-02T18:27:25.236Z"}
{"level":"info","message":"GET /favicon.png 200 0.437ms\n","timestamp":"2023-12-02T18:27:25.240Z"}
{"level":"info","message":"GET /index.html 304 0.214ms\n","timestamp":"2023-12-02T18:27:36.940Z"}
{"level":"info","message":"GET /style.css 304 0.367ms\n","timestamp":"2023-12-02T18:27:36.953Z"}
{"level":"info","message":"GET /calculator.js 304 0.474ms\n","timestamp":"2023-12-02T18:27:36.954Z"}
{"level":"info","message":"GET /history.js 304 0.732ms\n","timestamp":"2023-12-02T18:27:36.955Z"}
{"level":"info","message":"GET /theme.js 304 0.936ms\n","timestamp":"2023-12-02T18:27:36.955Z"}
{"level":"info","message":"GET /index.html 200 0.527ms\n","timestamp":"2023-12-02T18:27:40.154Z"}
{"level":"info","message":"GET /style.css 200 0.620ms\n","timestamp":"2023-12-02T18:27:40.162Z"}
{"level":"info","message":"GET /calculator.js 200 0.813ms\n","timestamp":"2023-12-02T18:27:40.164Z"}
{"level":"info","message":"GET /history.js 200 0.988ms\n","timestamp":"2023-12-02T18:27:40.164Z"}
{"level":"info","message":"GET /theme.js 200 1.134ms\n","timestamp":"2023-12-02T18:27:40.165Z"}
{"level":"info","message":"GET /favicon.png 200 0.359ms\n","timestamp":"2023-12-02T18:27:40.170Z"}
{"level":"info","message":"GET /about.html 304 0.221ms\n","timestamp":"2023-12-02T18:27:46.191Z"}
{"level":"info","message":"GET /style.css 304 0.330ms\n","timestamp":"2023-12-02T18:27:46.202Z"}
{"level":"info","message":"GET /theme.js 304 0.249ms\n","timestamp":"2023-12-02T18:27:46.203Z"}
{"level":"info","message":"GET /about.html 200 0.645ms\n","timestamp":"2023-12-02T18:37:43.704Z"}
{"level":"info","message":"GET /style.css 200 1.240ms\n","timestamp":"2023-12-02T18:37:43.713Z"}
{"level":"info","message":"GET /theme.js 200 0.956ms\n","timestamp":"2023-12-02T18:37:43.714Z"}
{"level":"info","message":"GET /favicon.png 200 0.415ms\n","timestamp":"2023-12-02T18:37:43.718Z"}
{"level":"info","message":"GET /index.html 304 0.300ms\n","timestamp":"2023-12-02T18:37:48.701Z"}
{"level":"info","message":"GET /style.css 304 0.530ms\n","timestamp":"2023-12-02T18:37:48.715Z"}
{"level":"info","message":"GET /history.js 304 0.750ms\n","timestamp":"2023-12-02T18:37:48.715Z"}
{"level":"info","message":"GET /theme.js 304 0.937ms\n","timestamp":"2023-12-02T18:37:48.715Z"}
{"level":"info","message":"GET /calculator.js 304 0.160ms\n","timestamp":"2023-12-02T18:37:48.716Z"}
{"level":"info","message":"GET /index.html 200 0.519ms\n","timestamp":"2023-12-02T18:37:51.079Z"}
{"level":"info","message":"GET /style.css 200 0.561ms\n","timestamp":"2023-12-02T18:37:51.087Z"}
{"level":"info","message":"GET /calculator.js 200 0.706ms\n","timestamp":"2023-12-02T18:37:51.088Z"}
{"level":"info","message":"GET /history.js 200 1.337ms\n","timestamp":"2023-12-02T18:37:51.089Z"}
{"level":"info","message":"GET /theme.js 200 1.520ms\n","timestamp":"2023-12-02T18:37:51.090Z"}
{"level":"info","message":"GET /favicon.png 200 0.357ms\n","timestamp":"2023-12-02T18:37:51.094Z"}
{"level":"info","message":"GET /about.html 304 0.225ms\n","timestamp":"2023-12-02T18:38:03.208Z"}
{"level":"info","message":"GET /style.css 304 0.325ms\n","timestamp":"2023-12-02T18:38:03.220Z"}
{"level":"info","message":"GET /theme.js 304 0.218ms\n","timestamp":"2023-12-02T18:38:03.221Z"}
{"level":"info","message":"GET /index.html 304 0.323ms\n","timestamp":"2023-12-02T18:38:09.161Z"}
{"level":"info","message":"GET /style.css 304 0.550ms\n","timestamp":"2023-12-02T18:38:09.176Z"}
{"level":"info","message":"GET /calculator.js 304 0.731ms\n","timestamp":"2023-12-02T18:38:09.176Z"}
{"level":"info","message":"GET /history.js 304 0.340ms\n","timestamp":"2023-12-02T18:38:09.177Z"}
{"level":"info","message":"GET /theme.js 304 0.467ms\n","timestamp":"2023-12-02T18:38:09.177Z"}
{"level":"info","message":"GET /index.html 200 0.656ms\n","timestamp":"2023-12-02T18:43:50.319Z"}
{"level":"info","message":"GET /style.css 200 0.701ms\n","timestamp":"2023-12-02T18:43:50.327Z"}
{"level":"info","message":"GET /calculator.js 200 1.303ms\n","timestamp":"2023-12-02T18:43:50.328Z"}
{"level":"info","message":"GET /history.js 200 0.758ms\n","timestamp":"2023-12-02T18:43:50.328Z"}
{"level":"info","message":"GET /theme.js 200 0.884ms\n","timestamp":"2023-12-02T18:43:50.328Z"}
{"level":"info","message":"GET /favicon.png 200 0.363ms\n","timestamp":"2023-12-02T18:43:50.333Z"}
{"level":"info","message":"GET /index.html 200 0.596ms\n","timestamp":"2023-12-02T18:43:56.690Z"}
{"level":"info","message":"GET /style.css 200 0.702ms\n","timestamp":"2023-12-02T18:43:56.701Z"}
{"level":"info","message":"GET /calculator.js 200 1.790ms\n","timestamp":"2023-12-02T18:43:56.704Z"}
{"level":"info","message":"GET /history.js 200 2.139ms\n","timestamp":"2023-12-02T18:43:56.705Z"}
{"level":"info","message":"GET /theme.js 200 2.343ms\n","timestamp":"2023-12-02T18:43:56.705Z"}
{"level":"info","message":"GET /favicon.png 200 0.544ms\n","timestamp":"2023-12-02T18:43:56.713Z"}
{"level":"info","message":"GET /about.html 304 0.304ms\n","timestamp":"2023-12-02T18:43:59.017Z"}
{"level":"info","message":"GET /style.css 304 0.396ms\n","timestamp":"2023-12-02T18:43:59.031Z"}
{"level":"info","message":"GET /theme.js 304 0.625ms\n","timestamp":"2023-12-02T18:43:59.031Z"}
{"level":"info","message":"GET /index.html 304 0.235ms\n","timestamp":"2023-12-02T18:44:01.626Z"}
{"level":"info","message":"GET /style.css 304 0.665ms\n","timestamp":"2023-12-02T18:44:01.643Z"}
{"level":"info","message":"GET /calculator.js 304 0.903ms\n","timestamp":"2023-12-02T18:44:01.643Z"}
{"level":"info","message":"GET /history.js 304 1.055ms\n","timestamp":"2023-12-02T18:44:01.644Z"}
{"level":"info","message":"GET /theme.js 304 1.277ms\n","timestamp":"2023-12-02T18:44:01.644Z"}
{"level":"info","message":"GET /about.html 304 0.217ms\n","timestamp":"2023-12-02T18:44:04.473Z"}
{"level":"info","message":"GET /style.css 304 0.293ms\n","timestamp":"2023-12-02T18:44:04.484Z"}
{"level":"info","message":"GET /theme.js 304 0.212ms\n","timestamp":"2023-12-02T18:44:04.485Z"}
{"level":"info","message":"GET /index.html 304 0.311ms\n","timestamp":"2023-12-02T18:44:11.798Z"}
{"level":"info","message":"GET /style.css 304 0.633ms\n","timestamp":"2023-12-02T18:44:11.814Z"}
{"level":"info","message":"GET /calculator.js 304 0.919ms\n","timestamp":"2023-12-02T18:44:11.815Z"}
{"level":"info","message":"GET /history.js 304 1.713ms\n","timestamp":"2023-12-02T18:44:11.816Z"}
{"level":"info","message":"GET /theme.js 304 0.571ms\n","timestamp":"2023-12-02T18:44:11.816Z"}
{"level":"info","message":"GET /about.html 304 0.259ms\n","timestamp":"2023-12-02T18:44:13.284Z"}
{"level":"info","message":"GET /style.css 304 0.444ms\n","timestamp":"2023-12-02T18:44:13.298Z"}
{"level":"info","message":"GET /theme.js 304 0.378ms\n","timestamp":"2023-12-02T18:44:13.300Z"}
{"level":"info","message":"GET /index.html 304 0.299ms\n","timestamp":"2023-12-02T18:44:17.413Z"}
{"level":"info","message":"GET /style.css 304 1.319ms\n","timestamp":"2023-12-02T18:44:17.429Z"}
{"level":"info","message":"GET /calculator.js 304 1.487ms\n","timestamp":"2023-12-02T18:44:17.429Z"}
{"level":"info","message":"GET /history.js 304 2.121ms\n","timestamp":"2023-12-02T18:44:17.430Z"}
{"level":"info","message":"GET /theme.js 304 0.726ms\n","timestamp":"2023-12-02T18:44:17.431Z"}
{"level":"info","message":"GET /index.html 200 0.529ms\n","timestamp":"2023-12-02T18:45:04.973Z"}
{"level":"info","message":"GET /style.css 200 0.801ms\n","timestamp":"2023-12-02T18:45:04.982Z"}
{"level":"info","message":"GET /calculator.js 200 1.849ms\n","timestamp":"2023-12-02T18:45:04.983Z"}
{"level":"info","message":"GET /history.js 200 1.258ms\n","timestamp":"2023-12-02T18:45:04.984Z"}
{"level":"info","message":"GET /theme.js 200 1.197ms\n","timestamp":"2023-12-02T18:45:04.984Z"}
{"level":"info","message":"GET /favicon.png 200 0.358ms\n","timestamp":"2023-12-02T18:45:04.988Z"}
{"level":"info","message":"GET /about.html 304 0.366ms\n","timestamp":"2023-12-02T18:45:08.045Z"}
{"level":"info","message":"GET /style.css 304 0.289ms\n","timestamp":"2023-12-02T18:45:08.057Z"}
{"level":"info","message":"GET /theme.js 304 0.286ms\n","timestamp":"2023-12-02T18:45:08.058Z"}
{"level":"info","message":"GET /index.html 304 0.297ms\n","timestamp":"2023-12-02T18:45:12.205Z"}
{"level":"info","message":"GET /style.css 304 0.306ms\n","timestamp":"2023-12-02T18:45:12.218Z"}
{"level":"info","message":"GET /calculator.js 304 0.212ms\n","timestamp":"2023-12-02T18:45:12.220Z"}
{"level":"info","message":"GET /history.js 304 0.291ms\n","timestamp":"2023-12-02T18:45:12.220Z"}
{"level":"info","message":"GET /theme.js 304 0.444ms\n","timestamp":"2023-12-02T18:45:12.221Z"}
{"level":"info","message":"GET /about.html 304 0.233ms\n","timestamp":"2023-12-02T18:45:18.320Z"}
{"level":"info","message":"GET /style.css 304 0.485ms\n","timestamp":"2023-12-02T18:45:18.333Z"}
{"level":"info","message":"GET /theme.js 304 0.657ms\n","timestamp":"2023-12-02T18:45:18.333Z"}
{"level":"info","message":"GET /index.html 304 0.223ms\n","timestamp":"2023-12-02T18:45:20.089Z"}
{"level":"info","message":"GET /style.css 304 0.292ms\n","timestamp":"2023-12-02T18:45:20.103Z"}
{"level":"info","message":"GET /calculator.js 304 0.537ms\n","timestamp":"2023-12-02T18:45:20.105Z"}
{"level":"info","message":"GET /history.js 304 0.713ms\n","timestamp":"2023-12-02T18:45:20.105Z"}
{"level":"info","message":"GET /theme.js 304 1.407ms\n","timestamp":"2023-12-02T18:45:20.106Z"}
{"level":"info","message":"GET /about.html 304 0.264ms\n","timestamp":"2023-12-02T18:45:27.664Z"}
{"level":"info","message":"GET /style.css 304 0.311ms\n","timestamp":"2023-12-02T18:45:27.676Z"}
{"level":"info","message":"GET /theme.js 304 0.321ms\n","timestamp":"2023-12-02T18:45:27.677Z"}
{"level":"info","message":"GET /index.html 304 0.299ms\n","timestamp":"2023-12-02T18:45:29.498Z"}
{"level":"info","message":"GET /style.css 304 0.593ms\n","timestamp":"2023-12-02T18:45:29.513Z"}
{"level":"info","message":"GET /calculator.js 304 0.828ms\n","timestamp":"2023-12-02T18:45:29.514Z"}
{"level":"info","message":"GET /history.js 304 0.994ms\n","timestamp":"2023-12-02T18:45:29.514Z"}
{"level":"info","message":"GET /theme.js 304 1.204ms\n","timestamp":"2023-12-02T18:45:29.514Z"}
{"level":"info","message":"GET /about.html 304 3.330ms\n","timestamp":"2023-12-02T23:16:40.845Z"}
{"level":"info","message":"GET /style.css 304 0.771ms\n","timestamp":"2023-12-02T23:16:40.884Z"}
{"level":"info","message":"GET /theme.js 304 1.391ms\n","timestamp":"2023-12-02T23:16:40.886Z"}
{"level":"info","message":"GET /index.html 304 0.508ms\n","timestamp":"2023-12-02T23:16:45.287Z"}
{"level":"info","message":"GET /style.css 304 0.672ms\n","timestamp":"2023-12-02T23:16:45.318Z"}
{"level":"info","message":"GET /theme.js 304 1.547ms\n","timestamp":"2023-12-02T23:16:45.324Z"}
{"level":"info","message":"GET /calculator.js 304 2.399ms\n","timestamp":"2023-12-02T23:16:45.326Z"}
{"level":"info","message":"GET /history.js 304 2.973ms\n","timestamp":"2023-12-02T23:16:45.327Z"}
{"level":"info","message":"GET /about.html 304 0.387ms\n","timestamp":"2023-12-02T23:16:47.829Z"}
{"level":"info","message":"GET /style.css 304 0.573ms\n","timestamp":"2023-12-02T23:16:47.846Z"}
{"level":"info","message":"GET /theme.js 304 0.706ms\n","timestamp":"2023-12-02T23:16:47.847Z"}
{"level":"info","message":"GET /index.html 304 0.260ms\n","timestamp":"2023-12-02T23:16:50.996Z"}
{"level":"info","message":"GET /style.css 304 0.927ms\n","timestamp":"2023-12-02T23:16:51.023Z"}
{"level":"info","message":"GET /calculator.js 304 1.236ms\n","timestamp":"2023-12-02T23:16:51.023Z"}
{"level":"info","message":"GET /history.js 304 1.444ms\n","timestamp":"2023-12-02T23:16:51.026Z"}
{"level":"info","message":"GET /theme.js 304 0.372ms\n","timestamp":"2023-12-02T23:16:51.027Z"}
{"level":"info","message":"GET /about.html 304 0.277ms\n","timestamp":"2023-12-02T23:16:56.877Z"}
{"level":"info","message":"GET /style.css 304 0.519ms\n","timestamp":"2023-12-02T23:16:56.908Z"}
{"level":"info","message":"GET /theme.js 304 0.828ms\n","timestamp":"2023-12-02T23:16:56.909Z"}
{"level":"info","message":"GET /index.html 304 0.352ms\n","timestamp":"2023-12-02T23:17:04.121Z"}
{"level":"info","message":"GET /style.css 304 0.354ms\n","timestamp":"2023-12-02T23:17:04.149Z"}
{"level":"info","message":"GET /calculator.js 304 0.829ms\n","timestamp":"2023-12-02T23:17:04.152Z"}
{"level":"info","message":"GET /history.js 304 1.230ms\n","timestamp":"2023-12-02T23:17:04.152Z"}
{"level":"info","message":"GET /theme.js 304 0.517ms\n","timestamp":"2023-12-02T23:17:04.154Z"}
{"level":"info","message":"GET /about.html 304 0.341ms\n","timestamp":"2023-12-02T23:23:43.451Z"}
{"level":"info","message":"GET /style.css 304 0.297ms\n","timestamp":"2023-12-02T23:23:43.481Z"}
{"level":"info","message":"GET /theme.js 304 0.288ms\n","timestamp":"2023-12-02T23:23:43.485Z"}
{"level":"info","message":"GET /index.html 304 0.374ms\n","timestamp":"2023-12-03T19:24:25.596Z"}
{"level":"info","message":"GET /history.js 304 0.983ms\n","timestamp":"2023-12-03T19:24:46.563Z"}
{"level":"info","message":"GET /theme.js 304 1.662ms\n","timestamp":"2023-12-03T19:24:46.564Z"}
{"level":"info","message":"GET /index.html 304 2.364ms\n","timestamp":"2023-12-03T19:24:46.565Z"}
{"level":"info","message":"GET /style.css 304 0.220ms\n","timestamp":"2023-12-03T19:24:46.566Z"}
{"level":"info","message":"GET /calculator.js 200 4.530ms\n","timestamp":"2023-12-03T19:24:46.566Z"}
{"level":"info","message":"GET /style.css 304 0.208ms\n","timestamp":"2023-12-03T19:24:46.571Z"}
{"level":"info","message":"GET /calculator.js 304 0.422ms\n","timestamp":"2023-12-03T19:24:46.571Z"}
{"level":"info","message":"GET /history.js 304 0.546ms\n","timestamp":"2023-12-03T19:24:46.572Z"}
{"level":"info","message":"GET /theme.js 304 0.770ms\n","timestamp":"2023-12-03T19:24:46.572Z"}
{"level":"info","message":"GET /favicon.png 200 0.619ms\n","timestamp":"2023-12-03T19:24:46.583Z"}
{"level":"info","message":"Server running on port 3000","timestamp":"2023-12-03T19:24:58.192Z"}
{"level":"info","message":"GET /about.html 304 2.424ms\n","timestamp":"2023-12-03T19:25:05.209Z"}
{"level":"info","message":"GET /style.css 304 0.722ms\n","timestamp":"2023-12-03T19:25:05.223Z"}
{"level":"info","message":"GET /theme.js 304 1.069ms\n","timestamp":"2023-12-03T19:25:05.223Z"}
{"level":"info","message":"GET /index.html 304 0.605ms\n","timestamp":"2023-12-03T19:25:06.902Z"}
{"level":"info","message":"GET /style.css 304 0.668ms\n","timestamp":"2023-12-03T19:25:06.914Z"}
{"level":"info","message":"GET /calculator.js 304 4.504ms\n","timestamp":"2023-12-03T19:25:06.921Z"}
{"level":"info","message":"GET /history.js 304 2.201ms\n","timestamp":"2023-12-03T19:25:06.921Z"}
{"level":"info","message":"GET /theme.js 304 2.252ms\n","timestamp":"2023-12-03T19:25:06.922Z"}
{"level":"info","message":"GET /style.css 304 0.567ms\n","timestamp":"2023-12-03T19:25:14.738Z"}
{"level":"info","message":"GET /index.html 200 1.910ms\n","timestamp":"2023-12-03T19:31:04.954Z"}
{"level":"info","message":"GET /style.css 200 0.718ms\n","timestamp":"2023-12-03T19:31:04.962Z"}
{"level":"info","message":"GET /calculator.js 200 2.113ms\n","timestamp":"2023-12-03T19:31:04.965Z"}
{"level":"info","message":"GET /theme.js 200 2.671ms\n","timestamp":"2023-12-03T19:31:04.966Z"}
{"level":"info","message":"GET /history.js 200 3.180ms\n","timestamp":"2023-12-03T19:31:04.967Z"}
{"level":"info","message":"GET /calculatorState.js 200 3.977ms\n","timestamp":"2023-12-03T19:31:04.969Z"}
{"level":"info","message":"GET /favicon.png 200 0.782ms\n","timestamp":"2023-12-03T19:31:04.976Z"}
{"level":"info","message":"GET /about.html 304 0.247ms\n","timestamp":"2023-12-03T19:31:08.374Z"}
{"level":"info","message":"GET /style.css 304 0.731ms\n","timestamp":"2023-12-03T19:31:08.388Z"}
{"level":"info","message":"GET /theme.js 304 1.103ms\n","timestamp":"2023-12-03T19:31:08.389Z"}
{"level":"info","message":"GET /index.html 304 0.289ms\n","timestamp":"2023-12-03T19:31:09.302Z"}
{"level":"info","message":"GET /style.css 304 0.327ms\n","timestamp":"2023-12-03T19:31:09.313Z"}
{"level":"info","message":"GET /calculator.js 304 0.858ms\n","timestamp":"2023-12-03T19:31:09.315Z"}
{"level":"info","message":"GET /history.js 304 1.065ms\n","timestamp":"2023-12-03T19:31:09.316Z"}
{"level":"info","message":"GET /theme.js 304 1.386ms\n","timestamp":"2023-12-03T19:31:09.316Z"}
{"level":"info","message":"GET /calculatorState.js 304 2.063ms\n","timestamp":"2023-12-03T19:31:09.317Z"}
{"level":"info","message":"GET /about.html 304 0.254ms\n","timestamp":"2023-12-03T19:31:15.320Z"}
{"level":"info","message":"GET /style.css 304 0.401ms\n","timestamp":"2023-12-03T19:31:15.334Z"}
{"level":"info","message":"GET /theme.js 304 0.833ms\n","timestamp":"2023-12-03T19:31:15.335Z"}
{"level":"info","message":"GET /index.html 304 0.285ms\n","timestamp":"2023-12-03T19:31:16.552Z"}
{"level":"info","message":"GET /style.css 304 0.427ms\n","timestamp":"2023-12-03T19:31:16.566Z"}
{"level":"info","message":"GET /calculator.js 304 1.035ms\n","timestamp":"2023-12-03T19:31:16.569Z"}
{"level":"info","message":"GET /history.js 304 1.334ms\n","timestamp":"2023-12-03T19:31:16.569Z"}
{"level":"info","message":"GET /theme.js 304 1.703ms\n","timestamp":"2023-12-03T19:31:16.570Z"}
{"level":"info","message":"GET /calculatorState.js 304 13.307ms\n","timestamp":"2023-12-03T19:31:16.582Z"}
{"level":"info","message":"GET /about.html 304 0.351ms\n","timestamp":"2023-12-03T19:31:19.561Z"}
{"level":"info","message":"GET /style.css 304 0.275ms\n","timestamp":"2023-12-03T19:31:19.577Z"}
{"level":"info","message":"GET /theme.js 304 0.343ms\n","timestamp":"2023-12-03T19:31:19.578Z"}
{"level":"info","message":"GET /index.html 304 0.237ms\n","timestamp":"2023-12-03T19:31:20.501Z"}
{"level":"info","message":"GET /style.css 304 0.344ms\n","timestamp":"2023-12-03T19:31:20.519Z"}
{"level":"info","message":"GET /calculator.js 304 1.203ms\n","timestamp":"2023-12-03T19:31:20.525Z"}
{"level":"info","message":"GET /history.js 304 1.567ms\n","timestamp":"2023-12-03T19:31:20.526Z"}
{"level":"info","message":"GET /theme.js 304 1.817ms\n","timestamp":"2023-12-03T19:31:20.526Z"}
{"level":"info","message":"GET /calculatorState.js 304 2.028ms\n","timestamp":"2023-12-03T19:31:20.527Z"}
{"level":"info","message":"GET /about.html 304 0.298ms\n","timestamp":"2023-12-03T19:31:27.050Z"}
{"level":"info","message":"GET /style.css 304 0.457ms\n","timestamp":"2023-12-03T19:31:27.065Z"}
{"level":"info","message":"GET /theme.js 304 0.354ms\n","timestamp":"2023-12-03T19:31:27.067Z"}
{"level":"info","message":"GET /index.html 304 0.261ms\n","timestamp":"2023-12-03T19:31:28.945Z"}
{"level":"info","message":"GET /style.css 304 0.727ms\n","timestamp":"2023-12-03T19:31:28.960Z"}
{"level":"info","message":"GET /calculator.js 304 1.070ms\n","timestamp":"2023-12-03T19:31:28.963Z"}
{"level":"info","message":"GET /history.js 304 1.508ms\n","timestamp":"2023-12-03T19:31:28.964Z"}
{"level":"info","message":"GET /theme.js 304 1.880ms\n","timestamp":"2023-12-03T19:31:28.964Z"}
{"level":"info","message":"GET /calculatorState.js 304 3.975ms\n","timestamp":"2023-12-03T19:31:28.967Z"}
{"level":"info","message":"GET /about.html 304 0.230ms\n","timestamp":"2023-12-03T19:31:46.306Z"}
{"level":"info","message":"GET /style.css 304 0.352ms\n","timestamp":"2023-12-03T19:31:46.319Z"}
{"level":"info","message":"GET /theme.js 304 0.304ms\n","timestamp":"2023-12-03T19:31:46.321Z"}
{"level":"info","message":"GET /index.html 304 0.279ms\n","timestamp":"2023-12-03T19:31:47.304Z"}
{"level":"info","message":"GET /style.css 304 0.652ms\n","timestamp":"2023-12-03T19:31:47.317Z"}
{"level":"info","message":"GET /calculator.js 304 0.501ms\n","timestamp":"2023-12-03T19:31:47.318Z"}
{"level":"info","message":"GET /history.js 304 0.568ms\n","timestamp":"2023-12-03T19:31:47.320Z"}
{"level":"info","message":"GET /theme.js 304 4.364ms\n","timestamp":"2023-12-03T19:31:47.324Z"}
{"level":"info","message":"GET /calculatorState.js 304 4.689ms\n","timestamp":"2023-12-03T19:31:47.324Z"}
